which: no hadoop in (/opt/gnu/gcc/bin:/opt/gnu/bin:/opt/mvapich2/intel/ib/bin:/opt/intel/composer_xe_2013_sp1.2.144/bin/intel64:/opt/intel/composer_xe_2013_sp1.2.144/mpirt/bin/intel64:/opt/intel/composer_xe_2013_sp1.2.144/debugger/gdb/intel64_mic/bin:/usr/lib64/qt-3.3/bin:/usr/local/bin:/bin:/usr/bin:/usr/local/sbin:/usr/sbin:/sbin:/opt/sdsc/bin:/opt/sdsc/sbin:/opt/ibutils/bin:/usr/java/latest/bin:/opt/pdsh/bin:/opt/rocks/bin:/opt/rocks/sbin:/home/vkd1995/bin)
19/11/05 09:07:59 INFO pig.ExecTypeProvider: Trying ExecType : LOCAL
19/11/05 09:07:59 INFO pig.ExecTypeProvider: Picked LOCAL as the ExecType
2019-11-05 09:07:59,246 [main] INFO  org.apache.pig.Main - Apache Pig version 0.16.0 (r1746530) compiled Jun 01 2016, 23:09:59
2019-11-05 09:07:59,246 [main] INFO  org.apache.pig.Main - Logging error messages to: /home/vkd1995/project6/pig_1572973679244.log
2019-11-05 09:07:59,501 [main] INFO  org.apache.pig.impl.util.Utils - Default bootup file /home/vkd1995/.pigbootup not found
2019-11-05 09:07:59,765 [main] INFO  org.apache.pig.backend.hadoop.executionengine.HExecutionEngine - Connecting to hadoop file system at: file:///
2019-11-05 09:07:59,819 [main] INFO  org.apache.pig.PigServer - Pig Script ID for the session: 
2019-11-05 09:07:59,819 [main] WARN  org.apache.pig.PigServer - ATS is disabled since yarn.timeline-service.enabled set to false
2019-11-05 09:08:00,611 [main] INFO  org.apache.pig.tools.pigstats.ScriptState - Pig features used in the script: GROUP_BY,ORDER_BY
2019-11-05 09:08:00,660 [main] INFO  org.apache.pig.newplan.logical.optimizer.LogicalPlanOptimizer - {RULES_ENABLED=[AddForEach, ColumnMapKeyPrune, ConstantCalculator, GroupByConstParallelSetter, LimitOptimizer, LoadTypeCastInserter, MergeFilter, MergeForEach, PartitionFilterOptimizer, PredicatePushdownOptimizer, PushDownForEachFlatten, PushUpFilter, SplitFilter, StreamTypeCastInserter]}
2019-11-05 09:08:00,710 [main] INFO  org.apache.pig.impl.util.SpillableMemoryManager - Selected heap (PS Old Gen) of size 699400192 to monitor. collectionUsageThreshold = 489580128, usageThreshold = 489580128
2019-11-05 09:08:00,755 [main] INFO  org.apache.pig.backend.hadoop.executionengine.mapReduceLayer.MRCompiler - File concatenation threshold: 100 optimistic? false
2019-11-05 09:08:00,771 [main] WARN  org.apache.hadoop.util.NativeCodeLoader - Unable to load native-hadoop library for your platform... using builtin-java classes where applicable
2019-11-05 09:08:00,784 [main] INFO  org.apache.pig.backend.hadoop.executionengine.util.CombinerOptimizerUtil - Choosing to move algebraic foreach to combiner
2019-11-05 09:08:00,798 [main] INFO  org.apache.pig.backend.hadoop.executionengine.mapReduceLayer.SecondaryKeyOptimizerMR - Using Secondary Key Optimization for MapReduce node scope-24
2019-11-05 09:08:00,806 [main] INFO  org.apache.pig.backend.hadoop.executionengine.mapReduceLayer.MultiQueryOptimizer - MR plan size before optimization: 3
2019-11-05 09:08:00,806 [main] INFO  org.apache.pig.backend.hadoop.executionengine.mapReduceLayer.MultiQueryOptimizer - MR plan size after optimization: 3
2019-11-05 09:08:00,907 [main] INFO  org.apache.pig.tools.pigstats.mapreduce.MRScriptState - Pig script settings are added to the job
2019-11-05 09:08:00,919 [main] INFO  org.apache.pig.backend.hadoop.executionengine.mapReduceLayer.JobControlCompiler - mapred.job.reduce.markreset.buffer.percent is not set, set to default 0.3
2019-11-05 09:08:00,920 [main] INFO  org.apache.pig.backend.hadoop.executionengine.mapReduceLayer.JobControlCompiler - Reduce phase detected, estimating # of required reducers.
2019-11-05 09:08:00,921 [main] INFO  org.apache.pig.backend.hadoop.executionengine.mapReduceLayer.JobControlCompiler - Using reducer estimator: org.apache.pig.backend.hadoop.executionengine.mapReduceLayer.InputSizeReducerEstimator
2019-11-05 09:08:00,928 [main] INFO  org.apache.pig.backend.hadoop.executionengine.mapReduceLayer.InputSizeReducerEstimator - BytesPerReducer=1000000000 maxReducers=999 totalInputFileSize=165
2019-11-05 09:08:00,928 [main] INFO  org.apache.pig.backend.hadoop.executionengine.mapReduceLayer.JobControlCompiler - Setting Parallelism to 1
2019-11-05 09:08:00,942 [main] INFO  org.apache.pig.backend.hadoop.executionengine.mapReduceLayer.JobControlCompiler - Setting up single store job
2019-11-05 09:08:00,954 [main] INFO  org.apache.pig.data.SchemaTupleFrontend - Key [pig.schematuple] is false, will not generate code.
2019-11-05 09:08:00,954 [main] INFO  org.apache.pig.data.SchemaTupleFrontend - Starting process to move generated code to distributed cacche
2019-11-05 09:08:00,954 [main] INFO  org.apache.pig.data.SchemaTupleFrontend - Distributed cache not supported or needed in local mode. Setting key [pig.schematuple.local.dir] with code temp directory: /tmp/1572973680953-0
2019-11-05 09:08:01,104 [main] INFO  org.apache.pig.backend.hadoop.executionengine.mapReduceLayer.MapReduceLauncher - 1 map-reduce job(s) waiting for submission.
2019-11-05 09:08:01,135 [JobControl] WARN  org.apache.hadoop.mapred.JobClient - No job jar file set.  User classes may not be found. See JobConf(Class) or JobConf#setJar(String).
2019-11-05 09:08:01,162 [JobControl] INFO  org.apache.pig.builtin.PigStorage - Using PigTextInputFormat
2019-11-05 09:08:01,165 [JobControl] INFO  org.apache.hadoop.mapreduce.lib.input.FileInputFormat - Total input paths to process : 1
2019-11-05 09:08:01,165 [JobControl] INFO  org.apache.pig.backend.hadoop.executionengine.util.MapRedUtil - Total input paths to process : 1
2019-11-05 09:08:01,177 [JobControl] WARN  org.apache.hadoop.io.compress.snappy.LoadSnappy - Snappy native library is available
2019-11-05 09:08:01,177 [JobControl] WARN  org.apache.hadoop.io.compress.snappy.LoadSnappy - Snappy native library not loaded
2019-11-05 09:08:01,180 [JobControl] INFO  org.apache.pig.backend.hadoop.executionengine.util.MapRedUtil - Total input paths (combined) to process : 1
2019-11-05 09:08:01,605 [main] INFO  org.apache.pig.backend.hadoop.executionengine.mapReduceLayer.MapReduceLauncher - HadoopJobId: job_local_0001
2019-11-05 09:08:01,606 [main] INFO  org.apache.pig.backend.hadoop.executionengine.mapReduceLayer.MapReduceLauncher - Processing aliases G,R,grp_g
2019-11-05 09:08:01,606 [main] INFO  org.apache.pig.backend.hadoop.executionengine.mapReduceLayer.MapReduceLauncher - detailed locations: M: G[1,4],G[-1,-1],R[3,4],grp_g[2,8] C: R[3,4],grp_g[2,8] R: R[3,4]
2019-11-05 09:08:01,616 [main] INFO  org.apache.pig.backend.hadoop.executionengine.mapReduceLayer.MapReduceLauncher - 0% complete
2019-11-05 09:08:01,616 [main] INFO  org.apache.pig.backend.hadoop.executionengine.mapReduceLayer.MapReduceLauncher - Running jobs are [job_local_0001]
2019-11-05 09:08:01,719 [Thread-3] INFO  org.apache.hadoop.util.ProcessTree - setsid exited with exit code 0
2019-11-05 09:08:01,739 [Thread-3] INFO  org.apache.hadoop.mapred.Task -  Using ResourceCalculatorPlugin : org.apache.hadoop.util.LinuxResourceCalculatorPlugin@6e78e654
2019-11-05 09:08:01,759 [Thread-3] INFO  org.apache.pig.builtin.PigStorage - Using PigTextInputFormat
2019-11-05 09:08:01,760 [Thread-3] INFO  org.apache.pig.backend.hadoop.executionengine.mapReduceLayer.PigRecordReader - Current split being processed file:/home/vkd1995/project6/small-graph.txt:0+165
2019-11-05 09:08:01,766 [Thread-3] INFO  org.apache.hadoop.mapred.MapTask - io.sort.mb = 100
2019-11-05 09:08:01,793 [Thread-3] INFO  org.apache.hadoop.mapred.MapTask - data buffer = 79691776/99614720
2019-11-05 09:08:01,793 [Thread-3] INFO  org.apache.hadoop.mapred.MapTask - record buffer = 262144/327680
2019-11-05 09:08:01,802 [Thread-3] INFO  org.apache.pig.impl.util.SpillableMemoryManager - Selected heap (PS Old Gen) of size 699400192 to monitor. collectionUsageThreshold = 489580128, usageThreshold = 489580128
2019-11-05 09:08:01,803 [Thread-3] INFO  org.apache.pig.data.SchemaTupleBackend - Key [pig.schematuple] was not set... will not generate code.
2019-11-05 09:08:01,830 [Thread-3] INFO  org.apache.pig.backend.hadoop.executionengine.mapReduceLayer.PigGenericMapReduce$Map - Aliases being processed per job phase (AliasName[line,offset]): M: G[1,4],G[-1,-1],R[3,4],grp_g[2,8] C: R[3,4],grp_g[2,8] R: R[3,4]
2019-11-05 09:08:01,855 [Thread-3] INFO  org.apache.hadoop.mapred.MapTask - Starting flush of map output
2019-11-05 09:08:01,913 [Thread-3] INFO  org.apache.pig.backend.hadoop.executionengine.mapReduceLayer.PigCombiner$Combine - Aliases being processed per job phase (AliasName[line,offset]): M: G[1,4],G[-1,-1],R[3,4],grp_g[2,8] C: R[3,4],grp_g[2,8] R: R[3,4]
2019-11-05 09:08:01,929 [Thread-3] INFO  org.apache.hadoop.mapred.MapTask - Finished spill 0
2019-11-05 09:08:01,940 [Thread-3] INFO  org.apache.hadoop.mapred.Task - Task:attempt_local_0001_m_000000_0 is done. And is in the process of commiting
2019-11-05 09:08:04,533 [Thread-3] INFO  org.apache.hadoop.mapred.LocalJobRunner - 
2019-11-05 09:08:04,533 [Thread-3] INFO  org.apache.hadoop.mapred.Task - Task 'attempt_local_0001_m_000000_0' done.
2019-11-05 09:08:04,549 [Thread-3] INFO  org.apache.hadoop.mapred.Task -  Using ResourceCalculatorPlugin : org.apache.hadoop.util.LinuxResourceCalculatorPlugin@16826d4d
2019-11-05 09:08:04,549 [Thread-3] INFO  org.apache.hadoop.mapred.LocalJobRunner - 
2019-11-05 09:08:04,553 [Thread-3] INFO  org.apache.hadoop.mapred.Merger - Merging 1 sorted segments
2019-11-05 09:08:04,559 [Thread-3] INFO  org.apache.hadoop.mapred.Merger - Down to the last merge-pass, with 1 segments left of total size: 146 bytes
2019-11-05 09:08:04,559 [Thread-3] INFO  org.apache.hadoop.mapred.LocalJobRunner - 
2019-11-05 09:08:04,573 [Thread-3] INFO  org.apache.pig.impl.util.SpillableMemoryManager - Selected heap (PS Old Gen) of size 699400192 to monitor. collectionUsageThreshold = 489580128, usageThreshold = 489580128
2019-11-05 09:08:04,573 [Thread-3] WARN  org.apache.pig.data.SchemaTupleBackend - SchemaTupleBackend has already been initialized
2019-11-05 09:08:04,577 [Thread-3] INFO  org.apache.pig.backend.hadoop.executionengine.mapReduceLayer.PigMapReduce$Reduce - Aliases being processed per job phase (AliasName[line,offset]): M: G[1,4],G[-1,-1],R[3,4],grp_g[2,8] C: R[3,4],grp_g[2,8] R: R[3,4]
2019-11-05 09:08:04,586 [Thread-3] INFO  org.apache.hadoop.mapred.Task - Task:attempt_local_0001_r_000000_0 is done. And is in the process of commiting
2019-11-05 09:08:04,602 [Thread-3] INFO  org.apache.hadoop.mapred.LocalJobRunner - 
2019-11-05 09:08:04,603 [Thread-3] INFO  org.apache.hadoop.mapred.Task - Task attempt_local_0001_r_000000_0 is allowed to commit now
2019-11-05 09:08:04,604 [Thread-3] INFO  org.apache.hadoop.mapreduce.lib.output.FileOutputCommitter - Saved output of task 'attempt_local_0001_r_000000_0' to file:/tmp/temp1058061138/tmp-1107398280
2019-11-05 09:08:04,623 [main] INFO  org.apache.pig.backend.hadoop.executionengine.mapReduceLayer.MapReduceLauncher - 16% complete
2019-11-05 09:08:04,624 [main] INFO  org.apache.pig.backend.hadoop.executionengine.mapReduceLayer.MapReduceLauncher - Running jobs are [job_local_0001]
2019-11-05 09:08:07,556 [Thread-3] INFO  org.apache.hadoop.mapred.LocalJobRunner - reduce > reduce
2019-11-05 09:08:07,558 [Thread-3] INFO  org.apache.hadoop.mapred.Task - Task 'attempt_local_0001_r_000000_0' done.
2019-11-05 09:08:07,625 [main] INFO  org.apache.pig.backend.hadoop.executionengine.mapReduceLayer.MapReduceLauncher - 33% complete
2019-11-05 09:08:07,625 [main] INFO  org.apache.pig.backend.hadoop.executionengine.mapReduceLayer.MapReduceLauncher - Running jobs are [job_local_0001]
2019-11-05 09:08:08,134 [main] INFO  org.apache.pig.tools.pigstats.mapreduce.MRScriptState - Pig script settings are added to the job
2019-11-05 09:08:08,135 [main] INFO  org.apache.pig.backend.hadoop.executionengine.mapReduceLayer.JobControlCompiler - mapred.job.reduce.markreset.buffer.percent is not set, set to default 0.3
2019-11-05 09:08:08,135 [main] INFO  org.apache.pig.backend.hadoop.executionengine.mapReduceLayer.JobControlCompiler - Reduce phase detected, estimating # of required reducers.
2019-11-05 09:08:08,135 [main] INFO  org.apache.pig.backend.hadoop.executionengine.mapReduceLayer.JobControlCompiler - Using reducer estimator: org.apache.pig.backend.hadoop.executionengine.mapReduceLayer.InputSizeReducerEstimator
2019-11-05 09:08:08,136 [main] INFO  org.apache.pig.backend.hadoop.executionengine.mapReduceLayer.InputSizeReducerEstimator - BytesPerReducer=1000000000 maxReducers=999 totalInputFileSize=64
2019-11-05 09:08:08,136 [main] INFO  org.apache.pig.backend.hadoop.executionengine.mapReduceLayer.JobControlCompiler - Setting Parallelism to 1
2019-11-05 09:08:08,138 [main] INFO  org.apache.pig.backend.hadoop.executionengine.mapReduceLayer.JobControlCompiler - Setting up single store job
2019-11-05 09:08:08,200 [main] INFO  org.apache.pig.backend.hadoop.executionengine.mapReduceLayer.MapReduceLauncher - 1 map-reduce job(s) waiting for submission.
2019-11-05 09:08:08,218 [JobControl] WARN  org.apache.hadoop.mapred.JobClient - No job jar file set.  User classes may not be found. See JobConf(Class) or JobConf#setJar(String).
2019-11-05 09:08:08,223 [JobControl] INFO  org.apache.hadoop.mapreduce.lib.input.FileInputFormat - Total input paths to process : 1
2019-11-05 09:08:08,233 [JobControl] INFO  org.apache.pig.backend.hadoop.executionengine.util.MapRedUtil - Total input paths to process : 1
2019-11-05 09:08:08,234 [JobControl] INFO  org.apache.pig.backend.hadoop.executionengine.util.MapRedUtil - Total input paths (combined) to process : 1
2019-11-05 09:08:08,377 [Thread-9] INFO  org.apache.hadoop.mapred.Task -  Using ResourceCalculatorPlugin : org.apache.hadoop.util.LinuxResourceCalculatorPlugin@1c25e161
2019-11-05 09:08:08,388 [Thread-9] INFO  org.apache.pig.backend.hadoop.executionengine.mapReduceLayer.PigRecordReader - Current split being processed file:/tmp/temp1058061138/tmp-1107398280/part-r-00000:0+64
2019-11-05 09:08:08,388 [Thread-9] INFO  org.apache.hadoop.mapred.MapTask - io.sort.mb = 100
2019-11-05 09:08:08,574 [Thread-9] INFO  org.apache.hadoop.mapred.MapTask - data buffer = 79691776/99614720
2019-11-05 09:08:08,574 [Thread-9] INFO  org.apache.hadoop.mapred.MapTask - record buffer = 262144/327680
2019-11-05 09:08:08,592 [Thread-9] INFO  org.apache.pig.impl.util.SpillableMemoryManager - Selected heap (PS Old Gen) of size 699400192 to monitor. collectionUsageThreshold = 489580128, usageThreshold = 489580128
2019-11-05 09:08:08,592 [Thread-9] WARN  org.apache.pig.data.SchemaTupleBackend - SchemaTupleBackend has already been initialized
2019-11-05 09:08:08,608 [Thread-9] INFO  org.apache.pig.backend.hadoop.executionengine.mapReduceLayer.PigGenericMapReduce$Map - Aliases being processed per job phase (AliasName[line,offset]): M: X[4,4] C:  R: 
2019-11-05 09:08:08,612 [Thread-9] INFO  org.apache.hadoop.mapred.MapTask - Starting flush of map output
2019-11-05 09:08:08,613 [Thread-9] INFO  org.apache.hadoop.mapred.MapTask - Finished spill 0
2019-11-05 09:08:08,630 [Thread-9] INFO  org.apache.hadoop.mapred.Task - Task:attempt_local_0002_m_000000_0 is done. And is in the process of commiting
2019-11-05 09:08:08,701 [main] INFO  org.apache.pig.backend.hadoop.executionengine.mapReduceLayer.MapReduceLauncher - HadoopJobId: job_local_0002
2019-11-05 09:08:08,701 [main] INFO  org.apache.pig.backend.hadoop.executionengine.mapReduceLayer.MapReduceLauncher - Processing aliases X
2019-11-05 09:08:08,701 [main] INFO  org.apache.pig.backend.hadoop.executionengine.mapReduceLayer.MapReduceLauncher - detailed locations: M: X[4,4] C:  R: 
2019-11-05 09:08:11,513 [Thread-9] INFO  org.apache.hadoop.mapred.LocalJobRunner - 
2019-11-05 09:08:11,513 [Thread-9] INFO  org.apache.hadoop.mapred.Task - Task 'attempt_local_0002_m_000000_0' done.
2019-11-05 09:08:11,517 [Thread-9] INFO  org.apache.hadoop.mapred.Task -  Using ResourceCalculatorPlugin : org.apache.hadoop.util.LinuxResourceCalculatorPlugin@7fa1b8b3
2019-11-05 09:08:11,517 [Thread-9] INFO  org.apache.hadoop.mapred.LocalJobRunner - 
2019-11-05 09:08:11,517 [Thread-9] INFO  org.apache.hadoop.mapred.Merger - Merging 1 sorted segments
2019-11-05 09:08:11,518 [Thread-9] INFO  org.apache.hadoop.mapred.Merger - Down to the last merge-pass, with 1 segments left of total size: 146 bytes
2019-11-05 09:08:11,518 [Thread-9] INFO  org.apache.hadoop.mapred.LocalJobRunner - 
2019-11-05 09:08:11,519 [Thread-9] INFO  org.apache.pig.impl.util.SpillableMemoryManager - Selected heap (PS Old Gen) of size 699400192 to monitor. collectionUsageThreshold = 489580128, usageThreshold = 489580128
2019-11-05 09:08:11,519 [Thread-9] WARN  org.apache.pig.data.SchemaTupleBackend - SchemaTupleBackend has already been initialized
2019-11-05 09:08:11,529 [Thread-9] INFO  org.apache.pig.backend.hadoop.executionengine.mapReduceLayer.PigMapReduce$Reduce - Aliases being processed per job phase (AliasName[line,offset]): M: X[4,4] C:  R: 
2019-11-05 09:08:11,532 [Thread-9] INFO  org.apache.hadoop.mapred.Task - Task:attempt_local_0002_r_000000_0 is done. And is in the process of commiting
2019-11-05 09:08:11,532 [Thread-9] INFO  org.apache.hadoop.mapred.LocalJobRunner - 
2019-11-05 09:08:11,539 [Thread-9] INFO  org.apache.hadoop.mapred.Task - Task attempt_local_0002_r_000000_0 is allowed to commit now
2019-11-05 09:08:11,541 [Thread-9] INFO  org.apache.hadoop.mapreduce.lib.output.FileOutputCommitter - Saved output of task 'attempt_local_0002_r_000000_0' to file:/tmp/temp1058061138/tmp345970148
2019-11-05 09:08:11,713 [main] INFO  org.apache.pig.backend.hadoop.executionengine.mapReduceLayer.MapReduceLauncher - 50% complete
2019-11-05 09:08:11,713 [main] INFO  org.apache.pig.backend.hadoop.executionengine.mapReduceLayer.MapReduceLauncher - Running jobs are [job_local_0002]
2019-11-05 09:08:14,538 [communication thread] INFO  org.apache.hadoop.mapred.LocalJobRunner - reduce > reduce
2019-11-05 09:08:14,543 [Thread-9] INFO  org.apache.hadoop.mapred.LocalJobRunner - reduce > reduce
2019-11-05 09:08:14,543 [Thread-9] INFO  org.apache.hadoop.mapred.Task - Task 'attempt_local_0002_r_000000_0' done.
2019-11-05 09:08:14,714 [main] INFO  org.apache.pig.backend.hadoop.executionengine.mapReduceLayer.MapReduceLauncher - 66% complete
2019-11-05 09:08:14,716 [main] INFO  org.apache.pig.tools.pigstats.mapreduce.MRScriptState - Pig script settings are added to the job
2019-11-05 09:08:14,716 [main] INFO  org.apache.pig.backend.hadoop.executionengine.mapReduceLayer.JobControlCompiler - mapred.job.reduce.markreset.buffer.percent is not set, set to default 0.3
2019-11-05 09:08:14,716 [main] INFO  org.apache.pig.backend.hadoop.executionengine.mapReduceLayer.JobControlCompiler - Reduce phase detected, estimating # of required reducers.
2019-11-05 09:08:14,716 [main] INFO  org.apache.pig.backend.hadoop.executionengine.mapReduceLayer.JobControlCompiler - Setting Parallelism to 1
2019-11-05 09:08:14,717 [main] INFO  org.apache.pig.backend.hadoop.executionengine.mapReduceLayer.JobControlCompiler - Setting up single store job
2019-11-05 09:08:14,725 [main] INFO  org.apache.pig.backend.hadoop.executionengine.mapReduceLayer.MapReduceLauncher - 1 map-reduce job(s) waiting for submission.
2019-11-05 09:08:14,736 [JobControl] WARN  org.apache.hadoop.mapred.JobClient - No job jar file set.  User classes may not be found. See JobConf(Class) or JobConf#setJar(String).
2019-11-05 09:08:14,741 [JobControl] INFO  org.apache.hadoop.mapreduce.lib.input.FileInputFormat - Total input paths to process : 1
2019-11-05 09:08:14,742 [JobControl] INFO  org.apache.pig.backend.hadoop.executionengine.util.MapRedUtil - Total input paths to process : 1
2019-11-05 09:08:14,742 [JobControl] INFO  org.apache.pig.backend.hadoop.executionengine.util.MapRedUtil - Total input paths (combined) to process : 1
2019-11-05 09:08:14,783 [Thread-12] INFO  org.apache.hadoop.mapred.Task -  Using ResourceCalculatorPlugin : org.apache.hadoop.util.LinuxResourceCalculatorPlugin@3cbb9873
2019-11-05 09:08:14,785 [Thread-12] INFO  org.apache.pig.backend.hadoop.executionengine.mapReduceLayer.PigRecordReader - Current split being processed file:/tmp/temp1058061138/tmp-1107398280/part-r-00000:0+64
2019-11-05 09:08:14,785 [Thread-12] INFO  org.apache.hadoop.mapred.MapTask - io.sort.mb = 100
2019-11-05 09:08:14,800 [Thread-12] INFO  org.apache.hadoop.mapred.MapTask - data buffer = 79691776/99614720
2019-11-05 09:08:14,800 [Thread-12] INFO  org.apache.hadoop.mapred.MapTask - record buffer = 262144/327680
2019-11-05 09:08:14,803 [Thread-12] INFO  org.apache.pig.impl.util.SpillableMemoryManager - Selected heap (PS Old Gen) of size 699400192 to monitor. collectionUsageThreshold = 489580128, usageThreshold = 489580128
2019-11-05 09:08:14,803 [Thread-12] WARN  org.apache.pig.data.SchemaTupleBackend - SchemaTupleBackend has already been initialized
2019-11-05 09:08:14,804 [Thread-12] INFO  org.apache.pig.backend.hadoop.executionengine.mapReduceLayer.PigGenericMapReduce$Map - Aliases being processed per job phase (AliasName[line,offset]): M: X[4,4] C:  R: 
2019-11-05 09:08:14,804 [Thread-12] WARN  org.apache.pig.data.SchemaTupleBackend - SchemaTupleBackend has already been initialized
2019-11-05 09:08:14,805 [Thread-12] INFO  org.apache.hadoop.mapreduce.lib.input.FileInputFormat - Total input paths to process : 1
2019-11-05 09:08:14,805 [Thread-12] INFO  org.apache.pig.backend.hadoop.executionengine.util.MapRedUtil - Total input paths to process : 1
2019-11-05 09:08:14,807 [Thread-12] INFO  org.apache.hadoop.mapred.MapTask - Starting flush of map output
2019-11-05 09:08:14,807 [Thread-12] INFO  org.apache.hadoop.mapred.MapTask - Finished spill 0
2019-11-05 09:08:14,820 [Thread-12] INFO  org.apache.hadoop.mapred.Task - Task:attempt_local_0003_m_000000_0 is done. And is in the process of commiting
2019-11-05 09:08:15,234 [main] INFO  org.apache.pig.backend.hadoop.executionengine.mapReduceLayer.MapReduceLauncher - HadoopJobId: job_local_0003
2019-11-05 09:08:15,234 [main] INFO  org.apache.pig.backend.hadoop.executionengine.mapReduceLayer.MapReduceLauncher - Processing aliases X
2019-11-05 09:08:15,234 [main] INFO  org.apache.pig.backend.hadoop.executionengine.mapReduceLayer.MapReduceLauncher - detailed locations: M: X[4,4] C:  R: 
2019-11-05 09:08:17,800 [Thread-12] INFO  org.apache.hadoop.mapred.LocalJobRunner - 
2019-11-05 09:08:17,801 [Thread-12] INFO  org.apache.hadoop.mapred.Task - Task 'attempt_local_0003_m_000000_0' done.
2019-11-05 09:08:17,806 [Thread-12] INFO  org.apache.hadoop.mapred.Task -  Using ResourceCalculatorPlugin : org.apache.hadoop.util.LinuxResourceCalculatorPlugin@7cb3db4d
2019-11-05 09:08:17,807 [Thread-12] INFO  org.apache.hadoop.mapred.LocalJobRunner - 
2019-11-05 09:08:17,807 [Thread-12] INFO  org.apache.hadoop.mapred.Merger - Merging 1 sorted segments
2019-11-05 09:08:17,807 [Thread-12] INFO  org.apache.hadoop.mapred.Merger - Down to the last merge-pass, with 1 segments left of total size: 138 bytes
2019-11-05 09:08:17,807 [Thread-12] INFO  org.apache.hadoop.mapred.LocalJobRunner - 
2019-11-05 09:08:17,827 [Thread-12] INFO  org.apache.pig.impl.util.SpillableMemoryManager - Selected heap (PS Old Gen) of size 699400192 to monitor. collectionUsageThreshold = 489580128, usageThreshold = 489580128
2019-11-05 09:08:17,827 [Thread-12] WARN  org.apache.pig.data.SchemaTupleBackend - SchemaTupleBackend has already been initialized
2019-11-05 09:08:17,830 [Thread-12] INFO  org.apache.pig.backend.hadoop.executionengine.mapReduceLayer.PigMapReduce$Reduce - Aliases being processed per job phase (AliasName[line,offset]): M: X[4,4] C:  R: 
2019-11-05 09:08:17,839 [Thread-12] INFO  org.apache.hadoop.mapred.Task - Task:attempt_local_0003_r_000000_0 is done. And is in the process of commiting
2019-11-05 09:08:17,840 [Thread-12] INFO  org.apache.hadoop.mapred.LocalJobRunner - 
2019-11-05 09:08:17,840 [Thread-12] INFO  org.apache.hadoop.mapred.Task - Task attempt_local_0003_r_000000_0 is allowed to commit now
2019-11-05 09:08:17,847 [Thread-12] INFO  org.apache.hadoop.mapreduce.lib.output.FileOutputCommitter - Saved output of task 'attempt_local_0003_r_000000_0' to file:/home/vkd1995/project6/output
2019-11-05 09:08:18,237 [main] INFO  org.apache.pig.backend.hadoop.executionengine.mapReduceLayer.MapReduceLauncher - 83% complete
2019-11-05 09:08:18,237 [main] INFO  org.apache.pig.backend.hadoop.executionengine.mapReduceLayer.MapReduceLauncher - Running jobs are [job_local_0003]
2019-11-05 09:08:20,817 [Thread-12] INFO  org.apache.hadoop.mapred.LocalJobRunner - reduce > reduce
2019-11-05 09:08:20,817 [Thread-12] INFO  org.apache.hadoop.mapred.Task - Task 'attempt_local_0003_r_000000_0' done.
2019-11-05 09:08:21,242 [main] INFO  org.apache.pig.backend.hadoop.executionengine.mapReduceLayer.MapReduceLauncher - 100% complete
2019-11-05 09:08:21,244 [main] INFO  org.apache.pig.tools.pigstats.mapreduce.SimplePigStats - Script Statistics: 

HadoopVersion	PigVersion	UserId	StartedAt	FinishedAt	Features
1.0.4	0.16.0	vkd1995	2019-11-05 09:08:00	2019-11-05 09:08:21	GROUP_BY,ORDER_BY

Success!

Job Stats (time in seconds):
JobId	Maps	Reduces	MaxMapTime	MinMapTime	AvgMapTime	MedianMapTime	MaxReduceTime	MinReduceTime	AvgReduceTime	MedianReducetime	Alias	Feature	Outputs
job_local_0001	1	1	n/a	n/a	n/a	n/a	n/a	n/a	n/a	n/a	G,R,grp_g	GROUP_BY,COMBINER	
job_local_0002	1	1	n/a	n/a	n/a	n/a	n/a	n/a	n/a	n/a	X	SAMPLER	
job_local_0003	1	1	n/a	n/a	n/a	n/a	n/a	n/a	n/a	n/a	X	ORDER_BY	file:///home/vkd1995/project6/output,

Input(s):
Successfully read 31 records from: "file:///home/vkd1995/project6/small-graph.txt"

Output(s):
Successfully stored 8 records in: "file:///home/vkd1995/project6/output"

Counters:
Total records written : 8
Total bytes written : 0
Spillable Memory Manager spill count : 0
Total bags proactively spilled: 0
Total records proactively spilled: 0

Job DAG:
job_local_0001	->	job_local_0002,
job_local_0002	->	job_local_0003,
job_local_0003


2019-11-05 09:08:21,247 [main] INFO  org.apache.pig.backend.hadoop.executionengine.mapReduceLayer.MapReduceLauncher - Success!
2019-11-05 09:08:21,274 [main] INFO  org.apache.pig.Main - Pig script completed in 22 seconds and 399 milliseconds (22399 ms)
