myHadoop: Setting MH_IPOIB_TRANSFORM='s/\([^.]*\).*$/\1.ibnet/' from myhadoop.conf
myHadoop: Setting MH_SCRATCH_DIR=/scratch/$USER/$SLURM_JOBID from myhadoop.conf
myHadoop: Using HADOOP_HOME=/opt/hadoop/2.6.0
myHadoop: Using MH_SCRATCH_DIR=/scratch/vkd1995/27897769
myHadoop: Using JAVA_HOME=/usr/java/latest
myHadoop: Generating Hadoop configuration in directory in /home/vkd1995/cometcluster...
myHadoop: Designating comet-11-36.ibnet as master node (namenode, secondary namenode, and jobtracker)
myHadoop: The following nodes will be slaves (datanode, tasktracer):
comet-11-36.ibnet
comet-11-44.ibnet
comet-11-48.ibnet
19/11/05 09:21:57 INFO namenode.NameNode: STARTUP_MSG: 
/************************************************************
STARTUP_MSG: Starting NameNode
STARTUP_MSG:   host = comet-11-36.sdsc.edu/198.202.118.185
STARTUP_MSG:   args = [-format]
STARTUP_MSG:   version = 2.6.0
STARTUP_MSG:   classpath = /home/vkd1995/cometcluster:/opt/hadoop/2.6.0/share/hadoop/common/lib/curator-recipes-2.6.0.jar:/opt/hadoop/2.6.0/share/hadoop/common/lib/curator-framework-2.6.0.jar:/opt/hadoop/2.6.0/share/hadoop/common/lib/activation-1.1.jar:/opt/hadoop/2.6.0/share/hadoop/common/lib/commons-collections-3.2.1.jar:/opt/hadoop/2.6.0/share/hadoop/common/lib/curator-client-2.6.0.jar:/opt/hadoop/2.6.0/share/hadoop/common/lib/httpcore-4.2.5.jar:/opt/hadoop/2.6.0/share/hadoop/common/lib/commons-beanutils-core-1.8.0.jar:/opt/hadoop/2.6.0/share/hadoop/common/lib/commons-lang-2.6.jar:/opt/hadoop/2.6.0/share/hadoop/common/lib/commons-math3-3.1.1.jar:/opt/hadoop/2.6.0/share/hadoop/common/lib/xmlenc-0.52.jar:/opt/hadoop/2.6.0/share/hadoop/common/lib/jackson-mapper-asl-1.9.13.jar:/opt/hadoop/2.6.0/share/hadoop/common/lib/netty-3.6.2.Final.jar:/opt/hadoop/2.6.0/share/hadoop/common/lib/commons-cli-1.2.jar:/opt/hadoop/2.6.0/share/hadoop/common/lib/httpclient-4.2.5.jar:/opt/hadoop/2.6.0/share/hadoop/common/lib/commons-beanutils-1.7.0.jar:/opt/hadoop/2.6.0/share/hadoop/common/lib/jaxb-api-2.2.2.jar:/opt/hadoop/2.6.0/share/hadoop/common/lib/jaxb-impl-2.2.3-1.jar:/opt/hadoop/2.6.0/share/hadoop/common/lib/jsr305-1.3.9.jar:/opt/hadoop/2.6.0/share/hadoop/common/lib/hamcrest-core-1.3.jar:/opt/hadoop/2.6.0/share/hadoop/common/lib/stax-api-1.0-2.jar:/opt/hadoop/2.6.0/share/hadoop/common/lib/paranamer-2.3.jar:/opt/hadoop/2.6.0/share/hadoop/common/lib/jersey-server-1.9.jar:/opt/hadoop/2.6.0/share/hadoop/common/lib/api-asn1-api-1.0.0-M20.jar:/opt/hadoop/2.6.0/share/hadoop/common/lib/commons-el-1.0.jar:/opt/hadoop/2.6.0/share/hadoop/common/lib/jettison-1.1.jar:/opt/hadoop/2.6.0/share/hadoop/common/lib/apacheds-i18n-2.0.0-M15.jar:/opt/hadoop/2.6.0/share/hadoop/common/lib/commons-logging-1.1.3.jar:/opt/hadoop/2.6.0/share/hadoop/common/lib/jersey-json-1.9.jar:/opt/hadoop/2.6.0/share/hadoop/common/lib/asm-3.2.jar:/opt/hadoop/2.6.0/share/hadoop/common/lib/snappy-java-1.0.4.1.jar:/opt/hadoop/2.6.0/share/hadoop/common/lib/jersey-core-1.9.jar:/opt/hadoop/2.6.0/share/hadoop/common/lib/jetty-6.1.26.jar:/opt/hadoop/2.6.0/share/hadoop/common/lib/jasper-runtime-5.5.23.jar:/opt/hadoop/2.6.0/share/hadoop/common/lib/hadoop-auth-2.6.0.jar:/opt/hadoop/2.6.0/share/hadoop/common/lib/jsp-api-2.1.jar:/opt/hadoop/2.6.0/share/hadoop/common/lib/servlet-api-2.5.jar:/opt/hadoop/2.6.0/share/hadoop/common/lib/slf4j-log4j12-1.7.5.jar:/opt/hadoop/2.6.0/share/hadoop/common/lib/jasper-compiler-5.5.23.jar:/opt/hadoop/2.6.0/share/hadoop/common/lib/jsch-0.1.42.jar:/opt/hadoop/2.6.0/share/hadoop/common/lib/hadoop-annotations-2.6.0.jar:/opt/hadoop/2.6.0/share/hadoop/common/lib/jets3t-0.9.0.jar:/opt/hadoop/2.6.0/share/hadoop/common/lib/gson-2.2.4.jar:/opt/hadoop/2.6.0/share/hadoop/common/lib/slf4j-api-1.7.5.jar:/opt/hadoop/2.6.0/share/hadoop/common/lib/jackson-jaxrs-1.9.13.jar:/opt/hadoop/2.6.0/share/hadoop/common/lib/java-xmlbuilder-0.4.jar:/opt/hadoop/2.6.0/share/hadoop/common/lib/jackson-core-asl-1.9.13.jar:/opt/hadoop/2.6.0/share/hadoop/common/lib/protobuf-java-2.5.0.jar:/opt/hadoop/2.6.0/share/hadoop/common/lib/junit-4.11.jar:/opt/hadoop/2.6.0/share/hadoop/common/lib/commons-configuration-1.6.jar:/opt/hadoop/2.6.0/share/hadoop/common/lib/commons-compress-1.4.1.jar:/opt/hadoop/2.6.0/share/hadoop/common/lib/commons-httpclient-3.1.jar:/opt/hadoop/2.6.0/share/hadoop/common/lib/mockito-all-1.8.5.jar:/opt/hadoop/2.6.0/share/hadoop/common/lib/commons-codec-1.4.jar:/opt/hadoop/2.6.0/share/hadoop/common/lib/apacheds-kerberos-codec-2.0.0-M15.jar:/opt/hadoop/2.6.0/share/hadoop/common/lib/avro-1.7.4.jar:/opt/hadoop/2.6.0/share/hadoop/common/lib/commons-digester-1.8.jar:/opt/hadoop/2.6.0/share/hadoop/common/lib/jetty-util-6.1.26.jar:/opt/hadoop/2.6.0/share/hadoop/common/lib/zookeeper-3.4.6.jar:/opt/hadoop/2.6.0/share/hadoop/common/lib/jackson-xc-1.9.13.jar:/opt/hadoop/2.6.0/share/hadoop/common/lib/xz-1.0.jar:/opt/hadoop/2.6.0/share/hadoop/common/lib/htrace-core-3.0.4.jar:/opt/hadoop/2.6.0/share/hadoop/common/lib/commons-io-2.4.jar:/opt/hadoop/2.6.0/share/hadoop/common/lib/api-util-1.0.0-M20.jar:/opt/hadoop/2.6.0/share/hadoop/common/lib/commons-net-3.1.jar:/opt/hadoop/2.6.0/share/hadoop/common/lib/guava-11.0.2.jar:/opt/hadoop/2.6.0/share/hadoop/common/lib/log4j-1.2.17.jar:/opt/hadoop/2.6.0/share/hadoop/common/hadoop-nfs-2.6.0.jar:/opt/hadoop/2.6.0/share/hadoop/common/hadoop-common-2.6.0-tests.jar:/opt/hadoop/2.6.0/share/hadoop/common/hadoop-common-2.6.0.jar:/opt/hadoop/2.6.0/share/hadoop/hdfs:/opt/hadoop/2.6.0/share/hadoop/hdfs/lib/commons-lang-2.6.jar:/opt/hadoop/2.6.0/share/hadoop/hdfs/lib/xmlenc-0.52.jar:/opt/hadoop/2.6.0/share/hadoop/hdfs/lib/jackson-mapper-asl-1.9.13.jar:/opt/hadoop/2.6.0/share/hadoop/hdfs/lib/xercesImpl-2.9.1.jar:/opt/hadoop/2.6.0/share/hadoop/hdfs/lib/netty-3.6.2.Final.jar:/opt/hadoop/2.6.0/share/hadoop/hdfs/lib/commons-cli-1.2.jar:/opt/hadoop/2.6.0/share/hadoop/hdfs/lib/xml-apis-1.3.04.jar:/opt/hadoop/2.6.0/share/hadoop/hdfs/lib/jsr305-1.3.9.jar:/opt/hadoop/2.6.0/share/hadoop/hdfs/lib/jersey-server-1.9.jar:/opt/hadoop/2.6.0/share/hadoop/hdfs/lib/commons-el-1.0.jar:/opt/hadoop/2.6.0/share/hadoop/hdfs/lib/commons-logging-1.1.3.jar:/opt/hadoop/2.6.0/share/hadoop/hdfs/lib/asm-3.2.jar:/opt/hadoop/2.6.0/share/hadoop/hdfs/lib/jersey-core-1.9.jar:/opt/hadoop/2.6.0/share/hadoop/hdfs/lib/jetty-6.1.26.jar:/opt/hadoop/2.6.0/share/hadoop/hdfs/lib/jasper-runtime-5.5.23.jar:/opt/hadoop/2.6.0/share/hadoop/hdfs/lib/jsp-api-2.1.jar:/opt/hadoop/2.6.0/share/hadoop/hdfs/lib/servlet-api-2.5.jar:/opt/hadoop/2.6.0/share/hadoop/hdfs/lib/jackson-core-asl-1.9.13.jar:/opt/hadoop/2.6.0/share/hadoop/hdfs/lib/protobuf-java-2.5.0.jar:/opt/hadoop/2.6.0/share/hadoop/hdfs/lib/commons-codec-1.4.jar:/opt/hadoop/2.6.0/share/hadoop/hdfs/lib/commons-daemon-1.0.13.jar:/opt/hadoop/2.6.0/share/hadoop/hdfs/lib/jetty-util-6.1.26.jar:/opt/hadoop/2.6.0/share/hadoop/hdfs/lib/htrace-core-3.0.4.jar:/opt/hadoop/2.6.0/share/hadoop/hdfs/lib/commons-io-2.4.jar:/opt/hadoop/2.6.0/share/hadoop/hdfs/lib/guava-11.0.2.jar:/opt/hadoop/2.6.0/share/hadoop/hdfs/lib/log4j-1.2.17.jar:/opt/hadoop/2.6.0/share/hadoop/hdfs/hadoop-hdfs-2.6.0-tests.jar:/opt/hadoop/2.6.0/share/hadoop/hdfs/hadoop-hdfs-2.6.0.jar:/opt/hadoop/2.6.0/share/hadoop/hdfs/hadoop-hdfs-nfs-2.6.0.jar:/opt/hadoop/2.6.0/share/hadoop/yarn/lib/activation-1.1.jar:/opt/hadoop/2.6.0/share/hadoop/yarn/lib/commons-collections-3.2.1.jar:/opt/hadoop/2.6.0/share/hadoop/yarn/lib/commons-lang-2.6.jar:/opt/hadoop/2.6.0/share/hadoop/yarn/lib/jackson-mapper-asl-1.9.13.jar:/opt/hadoop/2.6.0/share/hadoop/yarn/lib/netty-3.6.2.Final.jar:/opt/hadoop/2.6.0/share/hadoop/yarn/lib/commons-cli-1.2.jar:/opt/hadoop/2.6.0/share/hadoop/yarn/lib/jaxb-api-2.2.2.jar:/opt/hadoop/2.6.0/share/hadoop/yarn/lib/jaxb-impl-2.2.3-1.jar:/opt/hadoop/2.6.0/share/hadoop/yarn/lib/jersey-client-1.9.jar:/opt/hadoop/2.6.0/share/hadoop/yarn/lib/jsr305-1.3.9.jar:/opt/hadoop/2.6.0/share/hadoop/yarn/lib/stax-api-1.0-2.jar:/opt/hadoop/2.6.0/share/hadoop/yarn/lib/jersey-server-1.9.jar:/opt/hadoop/2.6.0/share/hadoop/yarn/lib/jettison-1.1.jar:/opt/hadoop/2.6.0/share/hadoop/yarn/lib/commons-logging-1.1.3.jar:/opt/hadoop/2.6.0/share/hadoop/yarn/lib/jersey-json-1.9.jar:/opt/hadoop/2.6.0/share/hadoop/yarn/lib/javax.inject-1.jar:/opt/hadoop/2.6.0/share/hadoop/yarn/lib/asm-3.2.jar:/opt/hadoop/2.6.0/share/hadoop/yarn/lib/jersey-core-1.9.jar:/opt/hadoop/2.6.0/share/hadoop/yarn/lib/jetty-6.1.26.jar:/opt/hadoop/2.6.0/share/hadoop/yarn/lib/aopalliance-1.0.jar:/opt/hadoop/2.6.0/share/hadoop/yarn/lib/servlet-api-2.5.jar:/opt/hadoop/2.6.0/share/hadoop/yarn/lib/leveldbjni-all-1.8.jar:/opt/hadoop/2.6.0/share/hadoop/yarn/lib/jackson-jaxrs-1.9.13.jar:/opt/hadoop/2.6.0/share/hadoop/yarn/lib/jackson-core-asl-1.9.13.jar:/opt/hadoop/2.6.0/share/hadoop/yarn/lib/protobuf-java-2.5.0.jar:/opt/hadoop/2.6.0/share/hadoop/yarn/lib/jline-0.9.94.jar:/opt/hadoop/2.6.0/share/hadoop/yarn/lib/commons-compress-1.4.1.jar:/opt/hadoop/2.6.0/share/hadoop/yarn/lib/commons-httpclient-3.1.jar:/opt/hadoop/2.6.0/share/hadoop/yarn/lib/guice-3.0.jar:/opt/hadoop/2.6.0/share/hadoop/yarn/lib/commons-codec-1.4.jar:/opt/hadoop/2.6.0/share/hadoop/yarn/lib/jersey-guice-1.9.jar:/opt/hadoop/2.6.0/share/hadoop/yarn/lib/jetty-util-6.1.26.jar:/opt/hadoop/2.6.0/share/hadoop/yarn/lib/zookeeper-3.4.6.jar:/opt/hadoop/2.6.0/share/hadoop/yarn/lib/jackson-xc-1.9.13.jar:/opt/hadoop/2.6.0/share/hadoop/yarn/lib/xz-1.0.jar:/opt/hadoop/2.6.0/share/hadoop/yarn/lib/commons-io-2.4.jar:/opt/hadoop/2.6.0/share/hadoop/yarn/lib/guice-servlet-3.0.jar:/opt/hadoop/2.6.0/share/hadoop/yarn/lib/guava-11.0.2.jar:/opt/hadoop/2.6.0/share/hadoop/yarn/lib/log4j-1.2.17.jar:/opt/hadoop/2.6.0/share/hadoop/yarn/hadoop-yarn-common-2.6.0.jar:/opt/hadoop/2.6.0/share/hadoop/yarn/hadoop-yarn-server-resourcemanager-2.6.0.jar:/opt/hadoop/2.6.0/share/hadoop/yarn/hadoop-yarn-registry-2.6.0.jar:/opt/hadoop/2.6.0/share/hadoop/yarn/hadoop-yarn-client-2.6.0.jar:/opt/hadoop/2.6.0/share/hadoop/yarn/hadoop-yarn-server-nodemanager-2.6.0.jar:/opt/hadoop/2.6.0/share/hadoop/yarn/hadoop-yarn-applications-unmanaged-am-launcher-2.6.0.jar:/opt/hadoop/2.6.0/share/hadoop/yarn/hadoop-yarn-server-web-proxy-2.6.0.jar:/opt/hadoop/2.6.0/share/hadoop/yarn/hadoop-yarn-api-2.6.0.jar:/opt/hadoop/2.6.0/share/hadoop/yarn/hadoop-yarn-server-tests-2.6.0.jar:/opt/hadoop/2.6.0/share/hadoop/yarn/hadoop-yarn-server-common-2.6.0.jar:/opt/hadoop/2.6.0/share/hadoop/yarn/hadoop-yarn-applications-distributedshell-2.6.0.jar:/opt/hadoop/2.6.0/share/hadoop/yarn/hadoop-yarn-server-applicationhistoryservice-2.6.0.jar:/opt/hadoop/2.6.0/share/hadoop/mapreduce/lib/jackson-mapper-asl-1.9.13.jar:/opt/hadoop/2.6.0/share/hadoop/mapreduce/lib/netty-3.6.2.Final.jar:/opt/hadoop/2.6.0/share/hadoop/mapreduce/lib/hamcrest-core-1.3.jar:/opt/hadoop/2.6.0/share/hadoop/mapreduce/lib/paranamer-2.3.jar:/opt/hadoop/2.6.0/share/hadoop/mapreduce/lib/jersey-server-1.9.jar:/opt/hadoop/2.6.0/share/hadoop/mapreduce/lib/javax.inject-1.jar:/opt/hadoop/2.6.0/share/hadoop/mapreduce/lib/asm-3.2.jar:/opt/hadoop/2.6.0/share/hadoop/mapreduce/lib/snappy-java-1.0.4.1.jar:/opt/hadoop/2.6.0/share/hadoop/mapreduce/lib/jersey-core-1.9.jar:/opt/hadoop/2.6.0/share/hadoop/mapreduce/lib/aopalliance-1.0.jar:/opt/hadoop/2.6.0/share/hadoop/mapreduce/lib/leveldbjni-all-1.8.jar:/opt/hadoop/2.6.0/share/hadoop/mapreduce/lib/hadoop-annotations-2.6.0.jar:/opt/hadoop/2.6.0/share/hadoop/mapreduce/lib/jackson-core-asl-1.9.13.jar:/opt/hadoop/2.6.0/share/hadoop/mapreduce/lib/protobuf-java-2.5.0.jar:/opt/hadoop/2.6.0/share/hadoop/mapreduce/lib/junit-4.11.jar:/opt/hadoop/2.6.0/share/hadoop/mapreduce/lib/commons-compress-1.4.1.jar:/opt/hadoop/2.6.0/share/hadoop/mapreduce/lib/guice-3.0.jar:/opt/hadoop/2.6.0/share/hadoop/mapreduce/lib/jersey-guice-1.9.jar:/opt/hadoop/2.6.0/share/hadoop/mapreduce/lib/avro-1.7.4.jar:/opt/hadoop/2.6.0/share/hadoop/mapreduce/lib/xz-1.0.jar:/opt/hadoop/2.6.0/share/hadoop/mapreduce/lib/commons-io-2.4.jar:/opt/hadoop/2.6.0/share/hadoop/mapreduce/lib/guice-servlet-3.0.jar:/opt/hadoop/2.6.0/share/hadoop/mapreduce/lib/log4j-1.2.17.jar:/opt/hadoop/2.6.0/share/hadoop/mapreduce/hadoop-mapreduce-client-shuffle-2.6.0.jar:/opt/hadoop/2.6.0/share/hadoop/mapreduce/hadoop-mapreduce-client-hs-plugins-2.6.0.jar:/opt/hadoop/2.6.0/share/hadoop/mapreduce/hadoop-mapreduce-client-jobclient-2.6.0.jar:/opt/hadoop/2.6.0/share/hadoop/mapreduce/hadoop-mapreduce-client-core-2.6.0.jar:/opt/hadoop/2.6.0/share/hadoop/mapreduce/hadoop-mapreduce-client-jobclient-2.6.0-tests.jar:/opt/hadoop/2.6.0/share/hadoop/mapreduce/hadoop-mapreduce-client-app-2.6.0.jar:/opt/hadoop/2.6.0/share/hadoop/mapreduce/hadoop-mapreduce-client-hs-2.6.0.jar:/opt/hadoop/2.6.0/share/hadoop/mapreduce/hadoop-mapreduce-client-common-2.6.0.jar:/opt/hadoop/2.6.0/share/hadoop/mapreduce/hadoop-mapreduce-examples-2.6.0.jar:/opt/hadoop/2.6.0/contrib/capacity-scheduler/*.jar
STARTUP_MSG:   build = https://git-wip-us.apache.org/repos/asf/hadoop.git -r e3496499ecb8d220fba99dc5ed4c99c8f9e33bb1; compiled by 'jenkins' on 2014-11-13T21:10Z
STARTUP_MSG:   java = 1.8.0_60
************************************************************/
19/11/05 09:21:57 INFO namenode.NameNode: registered UNIX signal handlers for [TERM, HUP, INT]
19/11/05 09:21:57 INFO namenode.NameNode: createNameNode [-format]
19/11/05 09:21:57 WARN util.NativeCodeLoader: Unable to load native-hadoop library for your platform... using builtin-java classes where applicable
19/11/05 09:21:57 WARN common.Util: Path /scratch/vkd1995/27897769/namenode_data should be specified as a URI in configuration files. Please update hdfs configuration.
19/11/05 09:21:57 WARN common.Util: Path /scratch/vkd1995/27897769/namenode_data should be specified as a URI in configuration files. Please update hdfs configuration.
Formatting using clusterid: CID-5661fe73-ea3d-41c9-bed3-2345b0634389
19/11/05 09:21:57 INFO namenode.FSNamesystem: No KeyProvider found.
19/11/05 09:21:57 INFO namenode.FSNamesystem: fsLock is fair:true
19/11/05 09:21:57 INFO blockmanagement.DatanodeManager: dfs.block.invalidate.limit=1000
19/11/05 09:21:57 INFO blockmanagement.DatanodeManager: dfs.namenode.datanode.registration.ip-hostname-check=true
19/11/05 09:21:57 INFO blockmanagement.BlockManager: dfs.namenode.startup.delay.block.deletion.sec is set to 000:00:00:00.000
19/11/05 09:21:57 INFO blockmanagement.BlockManager: The block deletion will start around 2019 Nov 05 09:21:57
19/11/05 09:21:57 INFO util.GSet: Computing capacity for map BlocksMap
19/11/05 09:21:57 INFO util.GSet: VM type       = 64-bit
19/11/05 09:21:57 INFO util.GSet: 2.0% max memory 958.5 MB = 19.2 MB
19/11/05 09:21:57 INFO util.GSet: capacity      = 2^21 = 2097152 entries
19/11/05 09:21:57 INFO blockmanagement.BlockManager: dfs.block.access.token.enable=false
19/11/05 09:21:57 INFO blockmanagement.BlockManager: defaultReplication         = 3
19/11/05 09:21:57 INFO blockmanagement.BlockManager: maxReplication             = 512
19/11/05 09:21:57 INFO blockmanagement.BlockManager: minReplication             = 1
19/11/05 09:21:57 INFO blockmanagement.BlockManager: maxReplicationStreams      = 2
19/11/05 09:21:57 INFO blockmanagement.BlockManager: shouldCheckForEnoughRacks  = false
19/11/05 09:21:57 INFO blockmanagement.BlockManager: replicationRecheckInterval = 3000
19/11/05 09:21:57 INFO blockmanagement.BlockManager: encryptDataTransfer        = false
19/11/05 09:21:57 INFO blockmanagement.BlockManager: maxNumBlocksToLog          = 1000
19/11/05 09:21:57 INFO namenode.FSNamesystem: fsOwner             = vkd1995 (auth:SIMPLE)
19/11/05 09:21:57 INFO namenode.FSNamesystem: supergroup          = supergroup
19/11/05 09:21:57 INFO namenode.FSNamesystem: isPermissionEnabled = true
19/11/05 09:21:57 INFO namenode.FSNamesystem: HA Enabled: false
19/11/05 09:21:57 INFO namenode.FSNamesystem: Append Enabled: true
19/11/05 09:21:58 INFO util.GSet: Computing capacity for map INodeMap
19/11/05 09:21:58 INFO util.GSet: VM type       = 64-bit
19/11/05 09:21:58 INFO util.GSet: 1.0% max memory 958.5 MB = 9.6 MB
19/11/05 09:21:58 INFO util.GSet: capacity      = 2^20 = 1048576 entries
19/11/05 09:21:58 INFO namenode.NameNode: Caching file names occuring more than 10 times
19/11/05 09:21:58 INFO util.GSet: Computing capacity for map cachedBlocks
19/11/05 09:21:58 INFO util.GSet: VM type       = 64-bit
19/11/05 09:21:58 INFO util.GSet: 0.25% max memory 958.5 MB = 2.4 MB
19/11/05 09:21:58 INFO util.GSet: capacity      = 2^18 = 262144 entries
19/11/05 09:21:58 INFO namenode.FSNamesystem: dfs.namenode.safemode.threshold-pct = 0.9990000128746033
19/11/05 09:21:58 INFO namenode.FSNamesystem: dfs.namenode.safemode.min.datanodes = 0
19/11/05 09:21:58 INFO namenode.FSNamesystem: dfs.namenode.safemode.extension     = 30000
19/11/05 09:21:58 INFO namenode.FSNamesystem: Retry cache on namenode is enabled
19/11/05 09:21:58 INFO namenode.FSNamesystem: Retry cache will use 0.03 of total heap and retry cache entry expiry time is 600000 millis
19/11/05 09:21:58 INFO util.GSet: Computing capacity for map NameNodeRetryCache
19/11/05 09:21:58 INFO util.GSet: VM type       = 64-bit
19/11/05 09:21:58 INFO util.GSet: 0.029999999329447746% max memory 958.5 MB = 294.5 KB
19/11/05 09:21:58 INFO util.GSet: capacity      = 2^15 = 32768 entries
19/11/05 09:21:58 INFO namenode.NNConf: ACLs enabled? false
19/11/05 09:21:58 INFO namenode.NNConf: XAttrs enabled? true
19/11/05 09:21:58 INFO namenode.NNConf: Maximum size of an xattr: 16384
19/11/05 09:21:58 INFO namenode.FSImage: Allocated new BlockPoolId: BP-880883216-198.202.118.185-1572974518041
19/11/05 09:21:58 INFO common.Storage: Storage directory /scratch/vkd1995/27897769/namenode_data has been successfully formatted.
19/11/05 09:21:58 INFO namenode.NNStorageRetentionManager: Going to retain 1 images with txid >= 0
19/11/05 09:21:58 INFO util.ExitUtil: Exiting with status 0
19/11/05 09:21:58 INFO namenode.NameNode: SHUTDOWN_MSG: 
/************************************************************
SHUTDOWN_MSG: Shutting down NameNode at comet-11-36.sdsc.edu/198.202.118.185
************************************************************/
19/11/05 09:21:58 WARN util.NativeCodeLoader: Unable to load native-hadoop library for your platform... using builtin-java classes where applicable
Starting namenodes on [comet-11-36.ibnet]
comet-11-36.ibnet: starting namenode, logging to /scratch/vkd1995/27897769/logs/hadoop-vkd1995-namenode-comet-11-36.sdsc.edu.out
comet-11-36.ibnet: starting datanode, logging to /scratch/vkd1995/27897769/logs/hadoop-vkd1995-datanode-comet-11-36.sdsc.edu.out
comet-11-44.ibnet: starting datanode, logging to /scratch/vkd1995/27897769/logs/hadoop-vkd1995-datanode-comet-11-44.sdsc.edu.out
comet-11-48.ibnet: starting datanode, logging to /scratch/vkd1995/27897769/logs/hadoop-vkd1995-datanode-comet-11-48.sdsc.edu.out
Starting secondary namenodes [comet-11-36.ibnet]
comet-11-36.ibnet: starting secondarynamenode, logging to /scratch/vkd1995/27897769/logs/hadoop-vkd1995-secondarynamenode-comet-11-36.sdsc.edu.out
19/11/05 09:22:13 WARN util.NativeCodeLoader: Unable to load native-hadoop library for your platform... using builtin-java classes where applicable
starting yarn daemons
starting resourcemanager, logging to /scratch/vkd1995/27897769/logs/yarn-vkd1995-resourcemanager-comet-11-36.out
comet-11-44.ibnet: starting nodemanager, logging to /scratch/vkd1995/27897769/logs/yarn-vkd1995-nodemanager-comet-11-44.sdsc.edu.out
comet-11-36.ibnet: starting nodemanager, logging to /scratch/vkd1995/27897769/logs/yarn-vkd1995-nodemanager-comet-11-36.sdsc.edu.out
comet-11-48.ibnet: starting nodemanager, logging to /scratch/vkd1995/27897769/logs/yarn-vkd1995-nodemanager-comet-11-48.sdsc.edu.out
chown: changing ownership of `/tmp': Operation not permitted
starting historyserver, logging to /tmp/mapred-vkd1995-historyserver-comet-11-36.out
19/11/05 09:22:18 WARN util.NativeCodeLoader: Unable to load native-hadoop library for your platform... using builtin-java classes where applicable
19/11/05 09:22:19 WARN util.NativeCodeLoader: Unable to load native-hadoop library for your platform... using builtin-java classes where applicable
19/11/05 09:22:24 INFO pig.ExecTypeProvider: Trying ExecType : LOCAL
19/11/05 09:22:24 INFO pig.ExecTypeProvider: Trying ExecType : MAPREDUCE
19/11/05 09:22:24 INFO pig.ExecTypeProvider: Picked MAPREDUCE as the ExecType
2019-11-05 09:22:24,852 [main] INFO  org.apache.pig.Main - Apache Pig version 0.16.0 (r1746530) compiled Jun 01 2016, 23:10:49
2019-11-05 09:22:24,852 [main] INFO  org.apache.pig.Main - Logging error messages to: /home/vkd1995/project6/pig_1572974544851.log
2019-11-05 09:22:25,066 [main] WARN  org.apache.hadoop.util.NativeCodeLoader - Unable to load native-hadoop library for your platform... using builtin-java classes where applicable
2019-11-05 09:22:25,154 [main] INFO  org.apache.pig.impl.util.Utils - Default bootup file /home/vkd1995/.pigbootup not found
2019-11-05 09:22:25,222 [main] INFO  org.apache.hadoop.conf.Configuration.deprecation - mapred.job.tracker is deprecated. Instead, use mapreduce.jobtracker.address
2019-11-05 09:22:25,222 [main] INFO  org.apache.hadoop.conf.Configuration.deprecation - fs.default.name is deprecated. Instead, use fs.defaultFS
2019-11-05 09:22:25,222 [main] INFO  org.apache.pig.backend.hadoop.executionengine.HExecutionEngine - Connecting to hadoop file system at: hdfs://comet-11-36.ibnet:54310
2019-11-05 09:22:25,545 [main] INFO  org.apache.pig.PigServer - Pig Script ID for the session: PIG-graph.pig-9d170b6e-cc3c-442c-8688-3991fd738160
2019-11-05 09:22:25,545 [main] WARN  org.apache.pig.PigServer - ATS is disabled since yarn.timeline-service.enabled set to false
2019-11-05 09:22:26,031 [main] INFO  org.apache.hadoop.conf.Configuration.deprecation - fs.default.name is deprecated. Instead, use fs.defaultFS
2019-11-05 09:22:26,110 [main] INFO  org.apache.hadoop.conf.Configuration.deprecation - fs.default.name is deprecated. Instead, use fs.defaultFS
2019-11-05 09:22:26,131 [main] INFO  org.apache.hadoop.conf.Configuration.deprecation - mapred.textoutputformat.separator is deprecated. Instead, use mapreduce.output.textoutputformat.separator
2019-11-05 09:22:26,143 [main] INFO  org.apache.pig.tools.pigstats.ScriptState - Pig features used in the script: GROUP_BY,ORDER_BY
2019-11-05 09:22:26,161 [main] INFO  org.apache.hadoop.conf.Configuration.deprecation - fs.default.name is deprecated. Instead, use fs.defaultFS
2019-11-05 09:22:26,163 [main] INFO  org.apache.pig.data.SchemaTupleBackend - Key [pig.schematuple] was not set... will not generate code.
2019-11-05 09:22:26,183 [main] INFO  org.apache.pig.newplan.logical.optimizer.LogicalPlanOptimizer - {RULES_ENABLED=[AddForEach, ColumnMapKeyPrune, ConstantCalculator, GroupByConstParallelSetter, LimitOptimizer, LoadTypeCastInserter, MergeFilter, MergeForEach, PartitionFilterOptimizer, PredicatePushdownOptimizer, PushDownForEachFlatten, PushUpFilter, SplitFilter, StreamTypeCastInserter]}
2019-11-05 09:22:26,221 [main] INFO  org.apache.pig.impl.util.SpillableMemoryManager - Selected heap (PS Old Gen) of size 699400192 to monitor. collectionUsageThreshold = 489580128, usageThreshold = 489580128
2019-11-05 09:22:26,256 [main] INFO  org.apache.pig.backend.hadoop.executionengine.mapReduceLayer.MRCompiler - File concatenation threshold: 100 optimistic? false
2019-11-05 09:22:26,282 [main] INFO  org.apache.pig.backend.hadoop.executionengine.util.CombinerOptimizerUtil - Choosing to move algebraic foreach to combiner
2019-11-05 09:22:26,292 [main] INFO  org.apache.pig.backend.hadoop.executionengine.mapReduceLayer.SecondaryKeyOptimizerMR - Using Secondary Key Optimization for MapReduce node scope-24
2019-11-05 09:22:26,299 [main] INFO  org.apache.pig.backend.hadoop.executionengine.mapReduceLayer.MultiQueryOptimizer - MR plan size before optimization: 3
2019-11-05 09:22:26,299 [main] INFO  org.apache.pig.backend.hadoop.executionengine.mapReduceLayer.MultiQueryOptimizer - MR plan size after optimization: 3
2019-11-05 09:22:26,314 [main] INFO  org.apache.hadoop.conf.Configuration.deprecation - fs.default.name is deprecated. Instead, use fs.defaultFS
2019-11-05 09:22:26,331 [main] INFO  org.apache.hadoop.yarn.client.RMProxy - Connecting to ResourceManager at comet-11-36.ibnet/10.22.253.83:8032
2019-11-05 09:22:26,453 [main] INFO  org.apache.pig.tools.pigstats.mapreduce.MRScriptState - Pig script settings are added to the job
2019-11-05 09:22:26,457 [main] INFO  org.apache.hadoop.conf.Configuration.deprecation - mapred.job.reduce.markreset.buffer.percent is deprecated. Instead, use mapreduce.reduce.markreset.buffer.percent
2019-11-05 09:22:26,457 [main] INFO  org.apache.pig.backend.hadoop.executionengine.mapReduceLayer.JobControlCompiler - mapred.job.reduce.markreset.buffer.percent is not set, set to default 0.3
2019-11-05 09:22:26,457 [main] INFO  org.apache.hadoop.conf.Configuration.deprecation - mapred.output.compress is deprecated. Instead, use mapreduce.output.fileoutputformat.compress
2019-11-05 09:22:26,458 [main] INFO  org.apache.pig.backend.hadoop.executionengine.mapReduceLayer.JobControlCompiler - Reduce phase detected, estimating # of required reducers.
2019-11-05 09:22:26,460 [main] INFO  org.apache.pig.backend.hadoop.executionengine.mapReduceLayer.JobControlCompiler - Using reducer estimator: org.apache.pig.backend.hadoop.executionengine.mapReduceLayer.InputSizeReducerEstimator
2019-11-05 09:22:26,465 [main] INFO  org.apache.pig.backend.hadoop.executionengine.mapReduceLayer.InputSizeReducerEstimator - BytesPerReducer=1000000000 maxReducers=999 totalInputFileSize=140791854
2019-11-05 09:22:26,465 [main] INFO  org.apache.pig.backend.hadoop.executionengine.mapReduceLayer.JobControlCompiler - Setting Parallelism to 1
2019-11-05 09:22:26,465 [main] INFO  org.apache.hadoop.conf.Configuration.deprecation - mapred.reduce.tasks is deprecated. Instead, use mapreduce.job.reduces
2019-11-05 09:22:26,465 [main] INFO  org.apache.pig.backend.hadoop.executionengine.mapReduceLayer.JobControlCompiler - This job cannot be converted run in-process
2019-11-05 09:22:26,475 [main] INFO  org.apache.hadoop.conf.Configuration.deprecation - mapred.submit.replication is deprecated. Instead, use mapreduce.client.submit.file.replication
2019-11-05 09:22:26,645 [main] INFO  org.apache.pig.backend.hadoop.executionengine.mapReduceLayer.JobControlCompiler - Added jar file:/oasis/projects/nsf/uot143/fegaras/pig-0.16.0/pig-0.16.0-core-h2.jar to DistributedCache through /tmp/temp1104647210/tmp411683353/pig-0.16.0-core-h2.jar
2019-11-05 09:22:26,665 [main] INFO  org.apache.pig.backend.hadoop.executionengine.mapReduceLayer.JobControlCompiler - Added jar file:/oasis/projects/nsf/uot143/fegaras/pig-0.16.0/lib/automaton-1.11-8.jar to DistributedCache through /tmp/temp1104647210/tmp-1742861080/automaton-1.11-8.jar
2019-11-05 09:22:26,681 [main] INFO  org.apache.pig.backend.hadoop.executionengine.mapReduceLayer.JobControlCompiler - Added jar file:/oasis/projects/nsf/uot143/fegaras/pig-0.16.0/lib/antlr-runtime-3.4.jar to DistributedCache through /tmp/temp1104647210/tmp1533038815/antlr-runtime-3.4.jar
2019-11-05 09:22:26,700 [main] INFO  org.apache.pig.backend.hadoop.executionengine.mapReduceLayer.JobControlCompiler - Added jar file:/oasis/projects/nsf/uot143/fegaras/pig-0.16.0/lib/joda-time-2.9.3.jar to DistributedCache through /tmp/temp1104647210/tmp-1402134688/joda-time-2.9.3.jar
2019-11-05 09:22:26,709 [main] INFO  org.apache.pig.backend.hadoop.executionengine.mapReduceLayer.JobControlCompiler - Setting up single store job
2019-11-05 09:22:26,712 [main] INFO  org.apache.pig.data.SchemaTupleFrontend - Key [pig.schematuple] is false, will not generate code.
2019-11-05 09:22:26,712 [main] INFO  org.apache.pig.data.SchemaTupleFrontend - Starting process to move generated code to distributed cacche
2019-11-05 09:22:26,712 [main] INFO  org.apache.pig.data.SchemaTupleFrontend - Setting key [pig.schematuple.classes] with classes to deserialize []
2019-11-05 09:22:26,761 [main] INFO  org.apache.pig.backend.hadoop.executionengine.mapReduceLayer.MapReduceLauncher - 1 map-reduce job(s) waiting for submission.
2019-11-05 09:22:26,761 [main] INFO  org.apache.hadoop.conf.Configuration.deprecation - mapred.job.tracker.http.address is deprecated. Instead, use mapreduce.jobtracker.http.address
2019-11-05 09:22:26,765 [JobControl] INFO  org.apache.hadoop.yarn.client.RMProxy - Connecting to ResourceManager at comet-11-36.ibnet/10.22.253.83:8032
2019-11-05 09:22:26,773 [JobControl] INFO  org.apache.hadoop.conf.Configuration.deprecation - mapred.task.id is deprecated. Instead, use mapreduce.task.attempt.id
2019-11-05 09:22:26,774 [JobControl] INFO  org.apache.hadoop.conf.Configuration.deprecation - fs.default.name is deprecated. Instead, use fs.defaultFS
2019-11-05 09:22:26,913 [JobControl] WARN  org.apache.hadoop.mapreduce.JobSubmitter - No job jar file set.  User classes may not be found. See Job or Job#setJar(String).
2019-11-05 09:22:26,929 [JobControl] INFO  org.apache.pig.builtin.PigStorage - Using PigTextInputFormat
2019-11-05 09:22:26,932 [JobControl] INFO  org.apache.hadoop.mapreduce.lib.input.FileInputFormat - Total input paths to process : 1
2019-11-05 09:22:26,932 [JobControl] INFO  org.apache.pig.backend.hadoop.executionengine.util.MapRedUtil - Total input paths to process : 1
2019-11-05 09:22:26,953 [JobControl] INFO  org.apache.pig.backend.hadoop.executionengine.util.MapRedUtil - Total input paths (combined) to process : 1
2019-11-05 09:22:26,989 [JobControl] INFO  org.apache.hadoop.mapreduce.JobSubmitter - number of splits:1
2019-11-05 09:22:27,069 [JobControl] INFO  org.apache.hadoop.mapreduce.JobSubmitter - Submitting tokens for job: job_1572974535109_0001
2019-11-05 09:22:27,161 [JobControl] INFO  org.apache.hadoop.mapred.YARNRunner - Job jar is not present. Not adding any jar to the list of resources.
2019-11-05 09:22:27,290 [JobControl] INFO  org.apache.hadoop.yarn.client.api.impl.YarnClientImpl - Submitted application application_1572974535109_0001
2019-11-05 09:22:27,329 [JobControl] INFO  org.apache.hadoop.mapreduce.Job - The url to track the job: http://comet-11-36.ibnet:8088/proxy/application_1572974535109_0001/
2019-11-05 09:22:27,329 [main] INFO  org.apache.pig.backend.hadoop.executionengine.mapReduceLayer.MapReduceLauncher - HadoopJobId: job_1572974535109_0001
2019-11-05 09:22:27,329 [main] INFO  org.apache.pig.backend.hadoop.executionengine.mapReduceLayer.MapReduceLauncher - Processing aliases G,R,grp_g
2019-11-05 09:22:27,330 [main] INFO  org.apache.pig.backend.hadoop.executionengine.mapReduceLayer.MapReduceLauncher - detailed locations: M: G[1,4],G[-1,-1],R[3,4],grp_g[2,8] C: R[3,4],grp_g[2,8] R: R[3,4]
2019-11-05 09:22:27,335 [main] INFO  org.apache.pig.backend.hadoop.executionengine.mapReduceLayer.MapReduceLauncher - 0% complete
2019-11-05 09:22:27,335 [main] INFO  org.apache.pig.backend.hadoop.executionengine.mapReduceLayer.MapReduceLauncher - Running jobs are [job_1572974535109_0001]
2019-11-05 09:22:51,894 [main] INFO  org.apache.pig.backend.hadoop.executionengine.mapReduceLayer.MapReduceLauncher - 5% complete
2019-11-05 09:22:51,895 [main] INFO  org.apache.pig.backend.hadoop.executionengine.mapReduceLayer.MapReduceLauncher - Running jobs are [job_1572974535109_0001]
2019-11-05 09:23:06,913 [main] INFO  org.apache.pig.backend.hadoop.executionengine.mapReduceLayer.MapReduceLauncher - 9% complete
2019-11-05 09:23:06,914 [main] INFO  org.apache.pig.backend.hadoop.executionengine.mapReduceLayer.MapReduceLauncher - Running jobs are [job_1572974535109_0001]
2019-11-05 09:23:16,923 [main] INFO  org.apache.pig.backend.hadoop.executionengine.mapReduceLayer.MapReduceLauncher - 16% complete
2019-11-05 09:23:16,923 [main] INFO  org.apache.pig.backend.hadoop.executionengine.mapReduceLayer.MapReduceLauncher - Running jobs are [job_1572974535109_0001]
2019-11-05 09:23:24,431 [main] INFO  org.apache.pig.backend.hadoop.executionengine.mapReduceLayer.MapReduceLauncher - 33% complete
2019-11-05 09:23:24,431 [main] INFO  org.apache.pig.backend.hadoop.executionengine.mapReduceLayer.MapReduceLauncher - Running jobs are [job_1572974535109_0001]
2019-11-05 09:23:27,436 [main] INFO  org.apache.hadoop.yarn.client.RMProxy - Connecting to ResourceManager at comet-11-36.ibnet/10.22.253.83:8032
2019-11-05 09:23:27,441 [main] INFO  org.apache.hadoop.mapred.ClientServiceDelegate - Application state is completed. FinalApplicationStatus=SUCCEEDED. Redirecting to job history server
2019-11-05 09:23:27,977 [main] INFO  org.apache.hadoop.yarn.client.RMProxy - Connecting to ResourceManager at comet-11-36.ibnet/10.22.253.83:8032
2019-11-05 09:23:27,981 [main] INFO  org.apache.hadoop.mapred.ClientServiceDelegate - Application state is completed. FinalApplicationStatus=SUCCEEDED. Redirecting to job history server
2019-11-05 09:23:28,019 [main] INFO  org.apache.hadoop.yarn.client.RMProxy - Connecting to ResourceManager at comet-11-36.ibnet/10.22.253.83:8032
2019-11-05 09:23:28,022 [main] INFO  org.apache.hadoop.mapred.ClientServiceDelegate - Application state is completed. FinalApplicationStatus=SUCCEEDED. Redirecting to job history server
2019-11-05 09:23:28,097 [main] INFO  org.apache.pig.tools.pigstats.mapreduce.MRScriptState - Pig script settings are added to the job
2019-11-05 09:23:28,097 [main] INFO  org.apache.pig.backend.hadoop.executionengine.mapReduceLayer.JobControlCompiler - mapred.job.reduce.markreset.buffer.percent is not set, set to default 0.3
2019-11-05 09:23:28,098 [main] INFO  org.apache.pig.backend.hadoop.executionengine.mapReduceLayer.JobControlCompiler - Reduce phase detected, estimating # of required reducers.
2019-11-05 09:23:28,098 [main] INFO  org.apache.pig.backend.hadoop.executionengine.mapReduceLayer.JobControlCompiler - Using reducer estimator: org.apache.pig.backend.hadoop.executionengine.mapReduceLayer.InputSizeReducerEstimator
2019-11-05 09:23:28,105 [main] INFO  org.apache.pig.backend.hadoop.executionengine.mapReduceLayer.InputSizeReducerEstimator - BytesPerReducer=1000000000 maxReducers=999 totalInputFileSize=5707573
2019-11-05 09:23:28,106 [main] INFO  org.apache.pig.backend.hadoop.executionengine.mapReduceLayer.JobControlCompiler - Setting Parallelism to 1
2019-11-05 09:23:28,106 [main] INFO  org.apache.pig.backend.hadoop.executionengine.mapReduceLayer.JobControlCompiler - This job cannot be converted run in-process
2019-11-05 09:23:28,164 [main] INFO  org.apache.pig.backend.hadoop.executionengine.mapReduceLayer.JobControlCompiler - Added jar file:/oasis/projects/nsf/uot143/fegaras/pig-0.16.0/pig-0.16.0-core-h2.jar to DistributedCache through /tmp/temp1104647210/tmp975293367/pig-0.16.0-core-h2.jar
2019-11-05 09:23:28,180 [main] INFO  org.apache.pig.backend.hadoop.executionengine.mapReduceLayer.JobControlCompiler - Added jar file:/oasis/projects/nsf/uot143/fegaras/pig-0.16.0/lib/automaton-1.11-8.jar to DistributedCache through /tmp/temp1104647210/tmp-1243749164/automaton-1.11-8.jar
2019-11-05 09:23:28,195 [main] INFO  org.apache.pig.backend.hadoop.executionengine.mapReduceLayer.JobControlCompiler - Added jar file:/oasis/projects/nsf/uot143/fegaras/pig-0.16.0/lib/antlr-runtime-3.4.jar to DistributedCache through /tmp/temp1104647210/tmp313016584/antlr-runtime-3.4.jar
2019-11-05 09:23:28,211 [main] INFO  org.apache.pig.backend.hadoop.executionengine.mapReduceLayer.JobControlCompiler - Added jar file:/oasis/projects/nsf/uot143/fegaras/pig-0.16.0/lib/joda-time-2.9.3.jar to DistributedCache through /tmp/temp1104647210/tmp-1881598533/joda-time-2.9.3.jar
2019-11-05 09:23:28,212 [main] INFO  org.apache.pig.backend.hadoop.executionengine.mapReduceLayer.JobControlCompiler - Setting up single store job
2019-11-05 09:23:28,213 [main] INFO  org.apache.pig.data.SchemaTupleFrontend - Key [pig.schematuple] is false, will not generate code.
2019-11-05 09:23:28,213 [main] INFO  org.apache.pig.data.SchemaTupleFrontend - Starting process to move generated code to distributed cacche
2019-11-05 09:23:28,213 [main] INFO  org.apache.pig.data.SchemaTupleFrontend - Setting key [pig.schematuple.classes] with classes to deserialize []
2019-11-05 09:23:28,228 [main] INFO  org.apache.pig.backend.hadoop.executionengine.mapReduceLayer.MapReduceLauncher - 1 map-reduce job(s) waiting for submission.
2019-11-05 09:23:28,229 [JobControl] INFO  org.apache.hadoop.yarn.client.RMProxy - Connecting to ResourceManager at comet-11-36.ibnet/10.22.253.83:8032
2019-11-05 09:23:28,233 [JobControl] INFO  org.apache.hadoop.conf.Configuration.deprecation - fs.default.name is deprecated. Instead, use fs.defaultFS
2019-11-05 09:23:28,239 [JobControl] WARN  org.apache.hadoop.mapreduce.JobSubmitter - No job jar file set.  User classes may not be found. See Job or Job#setJar(String).
2019-11-05 09:23:28,251 [JobControl] INFO  org.apache.hadoop.mapreduce.lib.input.FileInputFormat - Total input paths to process : 1
2019-11-05 09:23:28,251 [JobControl] INFO  org.apache.pig.backend.hadoop.executionengine.util.MapRedUtil - Total input paths to process : 1
2019-11-05 09:23:28,252 [JobControl] INFO  org.apache.pig.backend.hadoop.executionengine.util.MapRedUtil - Total input paths (combined) to process : 1
2019-11-05 09:23:28,277 [JobControl] INFO  org.apache.hadoop.mapreduce.JobSubmitter - number of splits:1
2019-11-05 09:23:28,298 [JobControl] INFO  org.apache.hadoop.mapreduce.JobSubmitter - Submitting tokens for job: job_1572974535109_0002
2019-11-05 09:23:28,300 [JobControl] INFO  org.apache.hadoop.mapred.YARNRunner - Job jar is not present. Not adding any jar to the list of resources.
2019-11-05 09:23:28,311 [JobControl] INFO  org.apache.hadoop.yarn.client.api.impl.YarnClientImpl - Submitted application application_1572974535109_0002
2019-11-05 09:23:28,314 [JobControl] INFO  org.apache.hadoop.mapreduce.Job - The url to track the job: http://comet-11-36.ibnet:8088/proxy/application_1572974535109_0002/
2019-11-05 09:23:28,728 [main] INFO  org.apache.pig.backend.hadoop.executionengine.mapReduceLayer.MapReduceLauncher - HadoopJobId: job_1572974535109_0002
2019-11-05 09:23:28,729 [main] INFO  org.apache.pig.backend.hadoop.executionengine.mapReduceLayer.MapReduceLauncher - Processing aliases X
2019-11-05 09:23:28,729 [main] INFO  org.apache.pig.backend.hadoop.executionengine.mapReduceLayer.MapReduceLauncher - detailed locations: M: X[4,4] C:  R: 
2019-11-05 09:23:35,791 [main] INFO  org.apache.pig.backend.hadoop.executionengine.mapReduceLayer.MapReduceLauncher - 50% complete
2019-11-05 09:23:35,791 [main] INFO  org.apache.pig.backend.hadoop.executionengine.mapReduceLayer.MapReduceLauncher - Running jobs are [job_1572974535109_0002]
2019-11-05 09:23:40,794 [main] INFO  org.apache.pig.backend.hadoop.executionengine.mapReduceLayer.MapReduceLauncher - 66% complete
2019-11-05 09:23:40,795 [main] INFO  org.apache.pig.backend.hadoop.executionengine.mapReduceLayer.MapReduceLauncher - Running jobs are [job_1572974535109_0002]
2019-11-05 09:23:43,799 [main] INFO  org.apache.hadoop.yarn.client.RMProxy - Connecting to ResourceManager at comet-11-36.ibnet/10.22.253.83:8032
2019-11-05 09:23:43,803 [main] INFO  org.apache.hadoop.mapred.ClientServiceDelegate - Application state is completed. FinalApplicationStatus=SUCCEEDED. Redirecting to job history server
2019-11-05 09:23:43,850 [main] INFO  org.apache.hadoop.yarn.client.RMProxy - Connecting to ResourceManager at comet-11-36.ibnet/10.22.253.83:8032
2019-11-05 09:23:43,854 [main] INFO  org.apache.hadoop.mapred.ClientServiceDelegate - Application state is completed. FinalApplicationStatus=SUCCEEDED. Redirecting to job history server
2019-11-05 09:23:43,872 [main] INFO  org.apache.hadoop.yarn.client.RMProxy - Connecting to ResourceManager at comet-11-36.ibnet/10.22.253.83:8032
2019-11-05 09:23:43,874 [main] INFO  org.apache.hadoop.mapred.ClientServiceDelegate - Application state is completed. FinalApplicationStatus=SUCCEEDED. Redirecting to job history server
2019-11-05 09:23:43,891 [main] INFO  org.apache.pig.tools.pigstats.mapreduce.MRScriptState - Pig script settings are added to the job
2019-11-05 09:23:43,892 [main] INFO  org.apache.pig.backend.hadoop.executionengine.mapReduceLayer.JobControlCompiler - mapred.job.reduce.markreset.buffer.percent is not set, set to default 0.3
2019-11-05 09:23:43,892 [main] INFO  org.apache.pig.backend.hadoop.executionengine.mapReduceLayer.JobControlCompiler - Reduce phase detected, estimating # of required reducers.
2019-11-05 09:23:43,892 [main] INFO  org.apache.pig.backend.hadoop.executionengine.mapReduceLayer.JobControlCompiler - Setting Parallelism to 1
2019-11-05 09:23:43,892 [main] INFO  org.apache.pig.backend.hadoop.executionengine.mapReduceLayer.JobControlCompiler - This job cannot be converted run in-process
2019-11-05 09:23:43,948 [main] INFO  org.apache.pig.backend.hadoop.executionengine.mapReduceLayer.JobControlCompiler - Added jar file:/oasis/projects/nsf/uot143/fegaras/pig-0.16.0/pig-0.16.0-core-h2.jar to DistributedCache through /tmp/temp1104647210/tmp-279202117/pig-0.16.0-core-h2.jar
2019-11-05 09:23:43,964 [main] INFO  org.apache.pig.backend.hadoop.executionengine.mapReduceLayer.JobControlCompiler - Added jar file:/oasis/projects/nsf/uot143/fegaras/pig-0.16.0/lib/automaton-1.11-8.jar to DistributedCache through /tmp/temp1104647210/tmp1089843558/automaton-1.11-8.jar
2019-11-05 09:23:43,977 [main] INFO  org.apache.pig.backend.hadoop.executionengine.mapReduceLayer.JobControlCompiler - Added jar file:/oasis/projects/nsf/uot143/fegaras/pig-0.16.0/lib/antlr-runtime-3.4.jar to DistributedCache through /tmp/temp1104647210/tmp-1553810544/antlr-runtime-3.4.jar
2019-11-05 09:23:43,993 [main] INFO  org.apache.pig.backend.hadoop.executionengine.mapReduceLayer.JobControlCompiler - Added jar file:/oasis/projects/nsf/uot143/fegaras/pig-0.16.0/lib/joda-time-2.9.3.jar to DistributedCache through /tmp/temp1104647210/tmp-1134441632/joda-time-2.9.3.jar
2019-11-05 09:23:43,994 [main] INFO  org.apache.pig.backend.hadoop.executionengine.mapReduceLayer.JobControlCompiler - Setting up single store job
2019-11-05 09:23:43,994 [main] INFO  org.apache.pig.data.SchemaTupleFrontend - Key [pig.schematuple] is false, will not generate code.
2019-11-05 09:23:43,994 [main] INFO  org.apache.pig.data.SchemaTupleFrontend - Starting process to move generated code to distributed cacche
2019-11-05 09:23:43,994 [main] INFO  org.apache.pig.data.SchemaTupleFrontend - Setting key [pig.schematuple.classes] with classes to deserialize []
2019-11-05 09:23:44,006 [main] INFO  org.apache.pig.backend.hadoop.executionengine.mapReduceLayer.MapReduceLauncher - 1 map-reduce job(s) waiting for submission.
2019-11-05 09:23:44,007 [JobControl] INFO  org.apache.hadoop.yarn.client.RMProxy - Connecting to ResourceManager at comet-11-36.ibnet/10.22.253.83:8032
2019-11-05 09:23:44,011 [JobControl] INFO  org.apache.hadoop.conf.Configuration.deprecation - fs.default.name is deprecated. Instead, use fs.defaultFS
2019-11-05 09:23:44,016 [JobControl] WARN  org.apache.hadoop.mapreduce.JobSubmitter - No job jar file set.  User classes may not be found. See Job or Job#setJar(String).
2019-11-05 09:23:44,024 [JobControl] INFO  org.apache.hadoop.mapreduce.lib.input.FileInputFormat - Total input paths to process : 1
2019-11-05 09:23:44,024 [JobControl] INFO  org.apache.pig.backend.hadoop.executionengine.util.MapRedUtil - Total input paths to process : 1
2019-11-05 09:23:44,024 [JobControl] INFO  org.apache.pig.backend.hadoop.executionengine.util.MapRedUtil - Total input paths (combined) to process : 1
2019-11-05 09:23:44,047 [JobControl] INFO  org.apache.hadoop.mapreduce.JobSubmitter - number of splits:1
2019-11-05 09:23:44,063 [JobControl] INFO  org.apache.hadoop.mapreduce.JobSubmitter - Submitting tokens for job: job_1572974535109_0003
2019-11-05 09:23:44,065 [JobControl] INFO  org.apache.hadoop.mapred.YARNRunner - Job jar is not present. Not adding any jar to the list of resources.
2019-11-05 09:23:44,277 [JobControl] INFO  org.apache.hadoop.yarn.client.api.impl.YarnClientImpl - Submitted application application_1572974535109_0003
2019-11-05 09:23:44,279 [JobControl] INFO  org.apache.hadoop.mapreduce.Job - The url to track the job: http://comet-11-36.ibnet:8088/proxy/application_1572974535109_0003/
2019-11-05 09:23:44,506 [main] INFO  org.apache.pig.backend.hadoop.executionengine.mapReduceLayer.MapReduceLauncher - HadoopJobId: job_1572974535109_0003
2019-11-05 09:23:44,506 [main] INFO  org.apache.pig.backend.hadoop.executionengine.mapReduceLayer.MapReduceLauncher - Processing aliases X
2019-11-05 09:23:44,506 [main] INFO  org.apache.pig.backend.hadoop.executionengine.mapReduceLayer.MapReduceLauncher - detailed locations: M: X[4,4] C:  R: 
2019-11-05 09:23:54,069 [main] INFO  org.apache.pig.backend.hadoop.executionengine.mapReduceLayer.MapReduceLauncher - 83% complete
2019-11-05 09:23:54,070 [main] INFO  org.apache.pig.backend.hadoop.executionengine.mapReduceLayer.MapReduceLauncher - Running jobs are [job_1572974535109_0003]
2019-11-05 09:23:59,074 [main] INFO  org.apache.pig.backend.hadoop.executionengine.mapReduceLayer.MapReduceLauncher - Running jobs are [job_1572974535109_0003]
2019-11-05 09:23:59,577 [main] INFO  org.apache.hadoop.yarn.client.RMProxy - Connecting to ResourceManager at comet-11-36.ibnet/10.22.253.83:8032
2019-11-05 09:23:59,580 [main] INFO  org.apache.hadoop.mapred.ClientServiceDelegate - Application state is completed. FinalApplicationStatus=SUCCEEDED. Redirecting to job history server
2019-11-05 09:23:59,618 [main] INFO  org.apache.hadoop.yarn.client.RMProxy - Connecting to ResourceManager at comet-11-36.ibnet/10.22.253.83:8032
2019-11-05 09:23:59,620 [main] INFO  org.apache.hadoop.mapred.ClientServiceDelegate - Application state is completed. FinalApplicationStatus=SUCCEEDED. Redirecting to job history server
2019-11-05 09:23:59,639 [main] INFO  org.apache.hadoop.yarn.client.RMProxy - Connecting to ResourceManager at comet-11-36.ibnet/10.22.253.83:8032
2019-11-05 09:23:59,640 [main] INFO  org.apache.hadoop.mapred.ClientServiceDelegate - Application state is completed. FinalApplicationStatus=SUCCEEDED. Redirecting to job history server
2019-11-05 09:23:59,658 [main] INFO  org.apache.pig.backend.hadoop.executionengine.mapReduceLayer.MapReduceLauncher - 100% complete
2019-11-05 09:23:59,667 [main] INFO  org.apache.pig.tools.pigstats.mapreduce.SimplePigStats - Script Statistics: 

HadoopVersion	PigVersion	UserId	StartedAt	FinishedAt	Features
2.6.0	0.16.0	vkd1995	2019-11-05 09:22:26	2019-11-05 09:23:59	GROUP_BY,ORDER_BY

Success!

Job Stats (time in seconds):
JobId	Maps	Reduces	MaxMapTime	MinMapTime	AvgMapTime	MedianMapTime	MaxReduceTime	MinReduceTime	AvgReduceTime	MedianReducetime	Alias	Feature	Outputs
job_1572974535109_0001	1	1	43	43	43	43	4	4	4	4	G,R,grp_g	GROUP_BY,COMBINER	
job_1572974535109_0002	1	1	2	2	2	2	2	2	2	2	X	SAMPLER	
job_1572974535109_0003	1	1	2	2	2	2	3	3	3	3	X	ORDER_BY	/user/vkd1995/output,

Input(s):
Successfully read 10000000 records (140792240 bytes) from: "/user/vkd1995/large-graph.txt"

Output(s):
Successfully stored 519705 records (5058099 bytes) in: "/user/vkd1995/output"

Counters:
Total records written : 519705
Total bytes written : 5058099
Spillable Memory Manager spill count : 0
Total bags proactively spilled: 0
Total records proactively spilled: 0

Job DAG:
job_1572974535109_0001	->	job_1572974535109_0002,
job_1572974535109_0002	->	job_1572974535109_0003,
job_1572974535109_0003


2019-11-05 09:23:59,668 [main] INFO  org.apache.hadoop.yarn.client.RMProxy - Connecting to ResourceManager at comet-11-36.ibnet/10.22.253.83:8032
2019-11-05 09:23:59,670 [main] INFO  org.apache.hadoop.mapred.ClientServiceDelegate - Application state is completed. FinalApplicationStatus=SUCCEEDED. Redirecting to job history server
2019-11-05 09:23:59,687 [main] INFO  org.apache.hadoop.yarn.client.RMProxy - Connecting to ResourceManager at comet-11-36.ibnet/10.22.253.83:8032
2019-11-05 09:23:59,690 [main] INFO  org.apache.hadoop.mapred.ClientServiceDelegate - Application state is completed. FinalApplicationStatus=SUCCEEDED. Redirecting to job history server
2019-11-05 09:23:59,706 [main] INFO  org.apache.hadoop.yarn.client.RMProxy - Connecting to ResourceManager at comet-11-36.ibnet/10.22.253.83:8032
2019-11-05 09:23:59,709 [main] INFO  org.apache.hadoop.mapred.ClientServiceDelegate - Application state is completed. FinalApplicationStatus=SUCCEEDED. Redirecting to job history server
2019-11-05 09:23:59,727 [main] INFO  org.apache.hadoop.yarn.client.RMProxy - Connecting to ResourceManager at comet-11-36.ibnet/10.22.253.83:8032
2019-11-05 09:23:59,730 [main] INFO  org.apache.hadoop.mapred.ClientServiceDelegate - Application state is completed. FinalApplicationStatus=SUCCEEDED. Redirecting to job history server
2019-11-05 09:23:59,747 [main] INFO  org.apache.hadoop.yarn.client.RMProxy - Connecting to ResourceManager at comet-11-36.ibnet/10.22.253.83:8032
2019-11-05 09:23:59,749 [main] INFO  org.apache.hadoop.mapred.ClientServiceDelegate - Application state is completed. FinalApplicationStatus=SUCCEEDED. Redirecting to job history server
2019-11-05 09:23:59,765 [main] INFO  org.apache.hadoop.yarn.client.RMProxy - Connecting to ResourceManager at comet-11-36.ibnet/10.22.253.83:8032
2019-11-05 09:23:59,766 [main] INFO  org.apache.hadoop.mapred.ClientServiceDelegate - Application state is completed. FinalApplicationStatus=SUCCEEDED. Redirecting to job history server
2019-11-05 09:23:59,783 [main] INFO  org.apache.hadoop.yarn.client.RMProxy - Connecting to ResourceManager at comet-11-36.ibnet/10.22.253.83:8032
2019-11-05 09:23:59,785 [main] INFO  org.apache.hadoop.mapred.ClientServiceDelegate - Application state is completed. FinalApplicationStatus=SUCCEEDED. Redirecting to job history server
2019-11-05 09:23:59,801 [main] INFO  org.apache.hadoop.yarn.client.RMProxy - Connecting to ResourceManager at comet-11-36.ibnet/10.22.253.83:8032
2019-11-05 09:23:59,803 [main] INFO  org.apache.hadoop.mapred.ClientServiceDelegate - Application state is completed. FinalApplicationStatus=SUCCEEDED. Redirecting to job history server
2019-11-05 09:23:59,818 [main] INFO  org.apache.hadoop.yarn.client.RMProxy - Connecting to ResourceManager at comet-11-36.ibnet/10.22.253.83:8032
2019-11-05 09:23:59,820 [main] INFO  org.apache.hadoop.mapred.ClientServiceDelegate - Application state is completed. FinalApplicationStatus=SUCCEEDED. Redirecting to job history server
2019-11-05 09:23:59,836 [main] INFO  org.apache.pig.backend.hadoop.executionengine.mapReduceLayer.MapReduceLauncher - Success!
2019-11-05 09:23:59,852 [main] INFO  org.apache.pig.Main - Pig script completed in 1 minute, 35 seconds and 130 milliseconds (95130 ms)
19/11/05 09:24:00 WARN util.NativeCodeLoader: Unable to load native-hadoop library for your platform... using builtin-java classes where applicable
chown: changing ownership of `/tmp': Operation not permitted
stopping historyserver
stopping yarn daemons
stopping resourcemanager
comet-11-36.ibnet: stopping nodemanager
comet-11-36.ibnet: nodemanager did not stop gracefully after 5 seconds: killing with kill -9
comet-11-44.ibnet: stopping nodemanager
comet-11-44.ibnet: nodemanager did not stop gracefully after 5 seconds: killing with kill -9
comet-11-48.ibnet: stopping nodemanager
comet-11-48.ibnet: nodemanager did not stop gracefully after 5 seconds: killing with kill -9
no proxyserver to stop
19/11/05 09:24:17 WARN util.NativeCodeLoader: Unable to load native-hadoop library for your platform... using builtin-java classes where applicable
Stopping namenodes on [comet-11-36.ibnet]
comet-11-36.ibnet: stopping namenode
comet-11-36.ibnet: stopping datanode
comet-11-44.ibnet: stopping datanode
comet-11-48.ibnet: stopping datanode
Stopping secondary namenodes [comet-11-36.ibnet]
comet-11-36.ibnet: stopping secondarynamenode
19/11/05 09:24:35 WARN util.NativeCodeLoader: Unable to load native-hadoop library for your platform... using builtin-java classes where applicable
Copying Hadoop logs back to /home/vkd1995/cometcluster/logs...
`/scratch/vkd1995/27897769/logs' -> `/home/vkd1995/cometcluster/logs'
`/scratch/vkd1995/27897769/logs/yarn-vkd1995-nodemanager-comet-11-36.sdsc.edu.log' -> `/home/vkd1995/cometcluster/logs/yarn-vkd1995-nodemanager-comet-11-36.sdsc.edu.log'
`/scratch/vkd1995/27897769/logs/hadoop-vkd1995-datanode-comet-11-36.sdsc.edu.out' -> `/home/vkd1995/cometcluster/logs/hadoop-vkd1995-datanode-comet-11-36.sdsc.edu.out'
`/scratch/vkd1995/27897769/logs/hadoop-vkd1995-secondarynamenode-comet-11-36.sdsc.edu.log' -> `/home/vkd1995/cometcluster/logs/hadoop-vkd1995-secondarynamenode-comet-11-36.sdsc.edu.log'
`/scratch/vkd1995/27897769/logs/yarn-vkd1995-resourcemanager-comet-11-36.out' -> `/home/vkd1995/cometcluster/logs/yarn-vkd1995-resourcemanager-comet-11-36.out'
`/scratch/vkd1995/27897769/logs/hadoop-vkd1995-namenode-comet-11-36.sdsc.edu.out' -> `/home/vkd1995/cometcluster/logs/hadoop-vkd1995-namenode-comet-11-36.sdsc.edu.out'
`/scratch/vkd1995/27897769/logs/hadoop-vkd1995-namenode-comet-11-36.sdsc.edu.log' -> `/home/vkd1995/cometcluster/logs/hadoop-vkd1995-namenode-comet-11-36.sdsc.edu.log'
`/scratch/vkd1995/27897769/logs/yarn-vkd1995-resourcemanager-comet-11-36.log' -> `/home/vkd1995/cometcluster/logs/yarn-vkd1995-resourcemanager-comet-11-36.log'
`/scratch/vkd1995/27897769/logs/SecurityAuth-vkd1995.audit' -> `/home/vkd1995/cometcluster/logs/SecurityAuth-vkd1995.audit'
`/scratch/vkd1995/27897769/logs/hadoop-vkd1995-secondarynamenode-comet-11-36.sdsc.edu.out' -> `/home/vkd1995/cometcluster/logs/hadoop-vkd1995-secondarynamenode-comet-11-36.sdsc.edu.out'
`/scratch/vkd1995/27897769/logs/hadoop-vkd1995-datanode-comet-11-36.sdsc.edu.log' -> `/home/vkd1995/cometcluster/logs/hadoop-vkd1995-datanode-comet-11-36.sdsc.edu.log'
`/scratch/vkd1995/27897769/logs/userlogs' -> `/home/vkd1995/cometcluster/logs/userlogs'
`/scratch/vkd1995/27897769/logs/userlogs/application_1572974535109_0001' -> `/home/vkd1995/cometcluster/logs/userlogs/application_1572974535109_0001'
`/scratch/vkd1995/27897769/logs/userlogs/application_1572974535109_0001/container_1572974535109_0001_01_000002' -> `/home/vkd1995/cometcluster/logs/userlogs/application_1572974535109_0001/container_1572974535109_0001_01_000002'
`/scratch/vkd1995/27897769/logs/userlogs/application_1572974535109_0001/container_1572974535109_0001_01_000002/stderr' -> `/home/vkd1995/cometcluster/logs/userlogs/application_1572974535109_0001/container_1572974535109_0001_01_000002/stderr'
`/scratch/vkd1995/27897769/logs/userlogs/application_1572974535109_0001/container_1572974535109_0001_01_000002/syslog' -> `/home/vkd1995/cometcluster/logs/userlogs/application_1572974535109_0001/container_1572974535109_0001_01_000002/syslog'
`/scratch/vkd1995/27897769/logs/userlogs/application_1572974535109_0001/container_1572974535109_0001_01_000002/stdout' -> `/home/vkd1995/cometcluster/logs/userlogs/application_1572974535109_0001/container_1572974535109_0001_01_000002/stdout'
`/scratch/vkd1995/27897769/logs/yarn-vkd1995-nodemanager-comet-11-36.sdsc.edu.out' -> `/home/vkd1995/cometcluster/logs/yarn-vkd1995-nodemanager-comet-11-36.sdsc.edu.out'
removed directory: `/scratch/vkd1995/27897769/mapred_scratch/usercache/vkd1995/appcache'
removed `/scratch/vkd1995/27897769/mapred_scratch/usercache/vkd1995/filecache/11/.tmp_automaton-1.11-8.jar.crc'
removed `/scratch/vkd1995/27897769/mapred_scratch/usercache/vkd1995/filecache/11/automaton-1.11-8.jar'
removed directory: `/scratch/vkd1995/27897769/mapred_scratch/usercache/vkd1995/filecache/11'
removed `/scratch/vkd1995/27897769/mapred_scratch/usercache/vkd1995/filecache/12/.tmp_joda-time-2.9.3.jar.crc'
removed `/scratch/vkd1995/27897769/mapred_scratch/usercache/vkd1995/filecache/12/joda-time-2.9.3.jar'
removed directory: `/scratch/vkd1995/27897769/mapred_scratch/usercache/vkd1995/filecache/12'
removed `/scratch/vkd1995/27897769/mapred_scratch/usercache/vkd1995/filecache/10/.tmp_pig-0.16.0-core-h2.jar.crc'
removed `/scratch/vkd1995/27897769/mapred_scratch/usercache/vkd1995/filecache/10/pig-0.16.0-core-h2.jar'
removed directory: `/scratch/vkd1995/27897769/mapred_scratch/usercache/vkd1995/filecache/10'
removed `/scratch/vkd1995/27897769/mapred_scratch/usercache/vkd1995/filecache/13/.tmp_antlr-runtime-3.4.jar.crc'
removed `/scratch/vkd1995/27897769/mapred_scratch/usercache/vkd1995/filecache/13/antlr-runtime-3.4.jar'
removed directory: `/scratch/vkd1995/27897769/mapred_scratch/usercache/vkd1995/filecache/13'
removed directory: `/scratch/vkd1995/27897769/mapred_scratch/usercache/vkd1995/filecache'
removed directory: `/scratch/vkd1995/27897769/mapred_scratch/usercache/vkd1995'
removed directory: `/scratch/vkd1995/27897769/mapred_scratch/usercache'
removed directory: `/scratch/vkd1995/27897769/mapred_scratch/nmPrivate'
removed directory: `/scratch/vkd1995/27897769/mapred_scratch/filecache'
removed directory: `/scratch/vkd1995/27897769/mapred_scratch'
removed `/scratch/vkd1995/27897769/tmp/dfs/namesecondary/current/fsimage_0000000000000000084'
removed `/scratch/vkd1995/27897769/tmp/dfs/namesecondary/current/edits_0000000000000000001-0000000000000000084'
removed `/scratch/vkd1995/27897769/tmp/dfs/namesecondary/current/VERSION'
removed `/scratch/vkd1995/27897769/tmp/dfs/namesecondary/current/fsimage_0000000000000000084.md5'
removed `/scratch/vkd1995/27897769/tmp/dfs/namesecondary/current/fsimage_0000000000000000000'
removed `/scratch/vkd1995/27897769/tmp/dfs/namesecondary/current/fsimage_0000000000000000000.md5'
removed directory: `/scratch/vkd1995/27897769/tmp/dfs/namesecondary/current'
removed directory: `/scratch/vkd1995/27897769/tmp/dfs/namesecondary'
removed directory: `/scratch/vkd1995/27897769/tmp/dfs'
removed directory: `/scratch/vkd1995/27897769/tmp'
removed `/scratch/vkd1995/27897769/namenode_data/current/edits_inprogress_0000000000000000085'
removed `/scratch/vkd1995/27897769/namenode_data/current/fsimage_0000000000000000000'
removed `/scratch/vkd1995/27897769/namenode_data/current/fsimage_0000000000000000084.md5'
removed `/scratch/vkd1995/27897769/namenode_data/current/fsimage_0000000000000000084'
removed `/scratch/vkd1995/27897769/namenode_data/current/edits_0000000000000000001-0000000000000000084'
removed `/scratch/vkd1995/27897769/namenode_data/current/VERSION'
removed `/scratch/vkd1995/27897769/namenode_data/current/fsimage_0000000000000000000.md5'
removed `/scratch/vkd1995/27897769/namenode_data/current/seen_txid'
removed directory: `/scratch/vkd1995/27897769/namenode_data/current'
removed directory: `/scratch/vkd1995/27897769/namenode_data'
removed `/scratch/vkd1995/27897769/hdfs_data/current/BP-880883216-198.202.118.185-1572974518041/dncp_block_verification.log.prev'
removed `/scratch/vkd1995/27897769/hdfs_data/current/BP-880883216-198.202.118.185-1572974518041/dncp_block_verification.log.curr'
removed directory: `/scratch/vkd1995/27897769/hdfs_data/current/BP-880883216-198.202.118.185-1572974518041/current/rbw'
removed `/scratch/vkd1995/27897769/hdfs_data/current/BP-880883216-198.202.118.185-1572974518041/current/dfsUsed'
removed `/scratch/vkd1995/27897769/hdfs_data/current/BP-880883216-198.202.118.185-1572974518041/current/VERSION'
removed `/scratch/vkd1995/27897769/hdfs_data/current/BP-880883216-198.202.118.185-1572974518041/current/finalized/subdir0/subdir0/blk_1073741838'
removed `/scratch/vkd1995/27897769/hdfs_data/current/BP-880883216-198.202.118.185-1572974518041/current/finalized/subdir0/subdir0/blk_1073741864'
removed `/scratch/vkd1995/27897769/hdfs_data/current/BP-880883216-198.202.118.185-1572974518041/current/finalized/subdir0/subdir0/blk_1073741851_1027.meta'
removed `/scratch/vkd1995/27897769/hdfs_data/current/BP-880883216-198.202.118.185-1572974518041/current/finalized/subdir0/subdir0/blk_1073741862_1038.meta'
removed `/scratch/vkd1995/27897769/hdfs_data/current/BP-880883216-198.202.118.185-1572974518041/current/finalized/subdir0/subdir0/blk_1073741826_1002.meta'
removed `/scratch/vkd1995/27897769/hdfs_data/current/BP-880883216-198.202.118.185-1572974518041/current/finalized/subdir0/subdir0/blk_1073741851'
removed `/scratch/vkd1995/27897769/hdfs_data/current/BP-880883216-198.202.118.185-1572974518041/current/finalized/subdir0/subdir0/blk_1073741826'
removed `/scratch/vkd1995/27897769/hdfs_data/current/BP-880883216-198.202.118.185-1572974518041/current/finalized/subdir0/subdir0/blk_1073741839_1015.meta'
removed `/scratch/vkd1995/27897769/hdfs_data/current/BP-880883216-198.202.118.185-1572974518041/current/finalized/subdir0/subdir0/blk_1073741838_1014.meta'
removed `/scratch/vkd1995/27897769/hdfs_data/current/BP-880883216-198.202.118.185-1572974518041/current/finalized/subdir0/subdir0/blk_1073741825'
removed `/scratch/vkd1995/27897769/hdfs_data/current/BP-880883216-198.202.118.185-1572974518041/current/finalized/subdir0/subdir0/blk_1073741852'
removed `/scratch/vkd1995/27897769/hdfs_data/current/BP-880883216-198.202.118.185-1572974518041/current/finalized/subdir0/subdir0/blk_1073741865_1041.meta'
removed `/scratch/vkd1995/27897769/hdfs_data/current/BP-880883216-198.202.118.185-1572974518041/current/finalized/subdir0/subdir0/blk_1073741862'
removed `/scratch/vkd1995/27897769/hdfs_data/current/BP-880883216-198.202.118.185-1572974518041/current/finalized/subdir0/subdir0/blk_1073741852_1028.meta'
removed `/scratch/vkd1995/27897769/hdfs_data/current/BP-880883216-198.202.118.185-1572974518041/current/finalized/subdir0/subdir0/blk_1073741825_1001.meta'
removed `/scratch/vkd1995/27897769/hdfs_data/current/BP-880883216-198.202.118.185-1572974518041/current/finalized/subdir0/subdir0/blk_1073741865'
removed `/scratch/vkd1995/27897769/hdfs_data/current/BP-880883216-198.202.118.185-1572974518041/current/finalized/subdir0/subdir0/blk_1073741839'
removed `/scratch/vkd1995/27897769/hdfs_data/current/BP-880883216-198.202.118.185-1572974518041/current/finalized/subdir0/subdir0/blk_1073741864_1040.meta'
removed directory: `/scratch/vkd1995/27897769/hdfs_data/current/BP-880883216-198.202.118.185-1572974518041/current/finalized/subdir0/subdir0'
removed directory: `/scratch/vkd1995/27897769/hdfs_data/current/BP-880883216-198.202.118.185-1572974518041/current/finalized/subdir0'
removed directory: `/scratch/vkd1995/27897769/hdfs_data/current/BP-880883216-198.202.118.185-1572974518041/current/finalized'
removed directory: `/scratch/vkd1995/27897769/hdfs_data/current/BP-880883216-198.202.118.185-1572974518041/current'
removed directory: `/scratch/vkd1995/27897769/hdfs_data/current/BP-880883216-198.202.118.185-1572974518041/tmp'
removed directory: `/scratch/vkd1995/27897769/hdfs_data/current/BP-880883216-198.202.118.185-1572974518041'
removed `/scratch/vkd1995/27897769/hdfs_data/current/VERSION'
removed directory: `/scratch/vkd1995/27897769/hdfs_data/current'
removed directory: `/scratch/vkd1995/27897769/hdfs_data'
removed directory: `/scratch/vkd1995/27897769/pids'
removed `/scratch/vkd1995/27897769/logs/yarn-vkd1995-nodemanager-comet-11-36.sdsc.edu.log'
removed `/scratch/vkd1995/27897769/logs/hadoop-vkd1995-datanode-comet-11-36.sdsc.edu.out'
removed `/scratch/vkd1995/27897769/logs/hadoop-vkd1995-secondarynamenode-comet-11-36.sdsc.edu.log'
removed `/scratch/vkd1995/27897769/logs/yarn-vkd1995-resourcemanager-comet-11-36.out'
removed `/scratch/vkd1995/27897769/logs/hadoop-vkd1995-namenode-comet-11-36.sdsc.edu.out'
removed `/scratch/vkd1995/27897769/logs/hadoop-vkd1995-namenode-comet-11-36.sdsc.edu.log'
removed `/scratch/vkd1995/27897769/logs/yarn-vkd1995-resourcemanager-comet-11-36.log'
removed `/scratch/vkd1995/27897769/logs/SecurityAuth-vkd1995.audit'
removed `/scratch/vkd1995/27897769/logs/hadoop-vkd1995-secondarynamenode-comet-11-36.sdsc.edu.out'
removed `/scratch/vkd1995/27897769/logs/hadoop-vkd1995-datanode-comet-11-36.sdsc.edu.log'
removed `/scratch/vkd1995/27897769/logs/userlogs/application_1572974535109_0001/container_1572974535109_0001_01_000002/stderr'
removed `/scratch/vkd1995/27897769/logs/userlogs/application_1572974535109_0001/container_1572974535109_0001_01_000002/syslog'
removed `/scratch/vkd1995/27897769/logs/userlogs/application_1572974535109_0001/container_1572974535109_0001_01_000002/stdout'
removed directory: `/scratch/vkd1995/27897769/logs/userlogs/application_1572974535109_0001/container_1572974535109_0001_01_000002'
removed directory: `/scratch/vkd1995/27897769/logs/userlogs/application_1572974535109_0001'
removed directory: `/scratch/vkd1995/27897769/logs/userlogs'
removed `/scratch/vkd1995/27897769/logs/yarn-vkd1995-nodemanager-comet-11-36.sdsc.edu.out'
removed directory: `/scratch/vkd1995/27897769/logs'
removed directory: `/scratch/vkd1995/27897769/mapred_scratch/nmPrivate'
removed `/scratch/vkd1995/27897769/mapred_scratch/usercache/vkd1995/filecache/16/.tmp_automaton-1.11-8.jar.crc'
removed `/scratch/vkd1995/27897769/mapred_scratch/usercache/vkd1995/filecache/16/automaton-1.11-8.jar'
removed directory: `/scratch/vkd1995/27897769/mapred_scratch/usercache/vkd1995/filecache/16'
removed `/scratch/vkd1995/27897769/mapred_scratch/usercache/vkd1995/filecache/11/automaton-1.11-8.jar'
removed `/scratch/vkd1995/27897769/mapred_scratch/usercache/vkd1995/filecache/11/.tmp_automaton-1.11-8.jar.crc'
removed directory: `/scratch/vkd1995/27897769/mapred_scratch/usercache/vkd1995/filecache/11'
removed `/scratch/vkd1995/27897769/mapred_scratch/usercache/vkd1995/filecache/15/.tmp_pig-0.16.0-core-h2.jar.crc'
removed `/scratch/vkd1995/27897769/mapred_scratch/usercache/vkd1995/filecache/15/pig-0.16.0-core-h2.jar'
removed directory: `/scratch/vkd1995/27897769/mapred_scratch/usercache/vkd1995/filecache/15'
removed `/scratch/vkd1995/27897769/mapred_scratch/usercache/vkd1995/filecache/18/.tmp_antlr-runtime-3.4.jar.crc'
removed `/scratch/vkd1995/27897769/mapred_scratch/usercache/vkd1995/filecache/18/antlr-runtime-3.4.jar'
removed directory: `/scratch/vkd1995/27897769/mapred_scratch/usercache/vkd1995/filecache/18'
removed `/scratch/vkd1995/27897769/mapred_scratch/usercache/vkd1995/filecache/12/joda-time-2.9.3.jar'
removed `/scratch/vkd1995/27897769/mapred_scratch/usercache/vkd1995/filecache/12/.tmp_joda-time-2.9.3.jar.crc'
removed directory: `/scratch/vkd1995/27897769/mapred_scratch/usercache/vkd1995/filecache/12'
removed `/scratch/vkd1995/27897769/mapred_scratch/usercache/vkd1995/filecache/10/.tmp_pig-0.16.0-core-h2.jar.crc'
removed `/scratch/vkd1995/27897769/mapred_scratch/usercache/vkd1995/filecache/10/pig-0.16.0-core-h2.jar'
removed directory: `/scratch/vkd1995/27897769/mapred_scratch/usercache/vkd1995/filecache/10'
removed `/scratch/vkd1995/27897769/mapred_scratch/usercache/vkd1995/filecache/17/.tmp_joda-time-2.9.3.jar.crc'
removed `/scratch/vkd1995/27897769/mapred_scratch/usercache/vkd1995/filecache/17/joda-time-2.9.3.jar'
removed directory: `/scratch/vkd1995/27897769/mapred_scratch/usercache/vkd1995/filecache/17'
removed `/scratch/vkd1995/27897769/mapred_scratch/usercache/vkd1995/filecache/13/.tmp_antlr-runtime-3.4.jar.crc'
removed `/scratch/vkd1995/27897769/mapred_scratch/usercache/vkd1995/filecache/13/antlr-runtime-3.4.jar'
removed directory: `/scratch/vkd1995/27897769/mapred_scratch/usercache/vkd1995/filecache/13'
removed `/scratch/vkd1995/27897769/mapred_scratch/usercache/vkd1995/filecache/14/tmp-222527309/._SUCCESS.crc'
removed `/scratch/vkd1995/27897769/mapred_scratch/usercache/vkd1995/filecache/14/tmp-222527309/part-r-00000'
removed `/scratch/vkd1995/27897769/mapred_scratch/usercache/vkd1995/filecache/14/tmp-222527309/_SUCCESS'
removed `/scratch/vkd1995/27897769/mapred_scratch/usercache/vkd1995/filecache/14/tmp-222527309/.part-r-00000.crc'
removed directory: `/scratch/vkd1995/27897769/mapred_scratch/usercache/vkd1995/filecache/14/tmp-222527309'
removed directory: `/scratch/vkd1995/27897769/mapred_scratch/usercache/vkd1995/filecache/14'
removed directory: `/scratch/vkd1995/27897769/mapred_scratch/usercache/vkd1995/filecache'
removed directory: `/scratch/vkd1995/27897769/mapred_scratch/usercache/vkd1995/appcache'
removed directory: `/scratch/vkd1995/27897769/mapred_scratch/usercache/vkd1995'
removed directory: `/scratch/vkd1995/27897769/mapred_scratch/usercache'
removed directory: `/scratch/vkd1995/27897769/mapred_scratch/filecache'
removed directory: `/scratch/vkd1995/27897769/mapred_scratch'
removed `/scratch/vkd1995/27897769/hdfs_data/current/VERSION'
removed `/scratch/vkd1995/27897769/hdfs_data/current/BP-880883216-198.202.118.185-1572974518041/dncp_block_verification.log.curr'
removed directory: `/scratch/vkd1995/27897769/hdfs_data/current/BP-880883216-198.202.118.185-1572974518041/tmp'
removed `/scratch/vkd1995/27897769/hdfs_data/current/BP-880883216-198.202.118.185-1572974518041/dncp_block_verification.log.prev'
removed `/scratch/vkd1995/27897769/hdfs_data/current/BP-880883216-198.202.118.185-1572974518041/current/dfsUsed'
removed directory: `/scratch/vkd1995/27897769/hdfs_data/current/BP-880883216-198.202.118.185-1572974518041/current/rbw'
removed `/scratch/vkd1995/27897769/hdfs_data/current/BP-880883216-198.202.118.185-1572974518041/current/VERSION'
removed `/scratch/vkd1995/27897769/hdfs_data/current/BP-880883216-198.202.118.185-1572974518041/current/finalized/subdir0/subdir0/blk_1073741839_1015.meta'
removed `/scratch/vkd1995/27897769/hdfs_data/current/BP-880883216-198.202.118.185-1572974518041/current/finalized/subdir0/subdir0/blk_1073741826_1002.meta'
removed `/scratch/vkd1995/27897769/hdfs_data/current/BP-880883216-198.202.118.185-1572974518041/current/finalized/subdir0/subdir0/blk_1073741851_1027.meta'
removed `/scratch/vkd1995/27897769/hdfs_data/current/BP-880883216-198.202.118.185-1572974518041/current/finalized/subdir0/subdir0/blk_1073741862_1038.meta'
removed `/scratch/vkd1995/27897769/hdfs_data/current/BP-880883216-198.202.118.185-1572974518041/current/finalized/subdir0/subdir0/blk_1073741865'
removed `/scratch/vkd1995/27897769/hdfs_data/current/BP-880883216-198.202.118.185-1572974518041/current/finalized/subdir0/subdir0/blk_1073741839'
removed `/scratch/vkd1995/27897769/hdfs_data/current/BP-880883216-198.202.118.185-1572974518041/current/finalized/subdir0/subdir0/blk_1073741838_1014.meta'
removed `/scratch/vkd1995/27897769/hdfs_data/current/BP-880883216-198.202.118.185-1572974518041/current/finalized/subdir0/subdir0/blk_1073741862'
removed `/scratch/vkd1995/27897769/hdfs_data/current/BP-880883216-198.202.118.185-1572974518041/current/finalized/subdir0/subdir0/blk_1073741852'
removed `/scratch/vkd1995/27897769/hdfs_data/current/BP-880883216-198.202.118.185-1572974518041/current/finalized/subdir0/subdir0/blk_1073741825'
removed `/scratch/vkd1995/27897769/hdfs_data/current/BP-880883216-198.202.118.185-1572974518041/current/finalized/subdir0/subdir0/blk_1073741852_1028.meta'
removed `/scratch/vkd1995/27897769/hdfs_data/current/BP-880883216-198.202.118.185-1572974518041/current/finalized/subdir0/subdir0/blk_1073741825_1001.meta'
removed `/scratch/vkd1995/27897769/hdfs_data/current/BP-880883216-198.202.118.185-1572974518041/current/finalized/subdir0/subdir0/blk_1073741865_1041.meta'
removed `/scratch/vkd1995/27897769/hdfs_data/current/BP-880883216-198.202.118.185-1572974518041/current/finalized/subdir0/subdir0/blk_1073741826'
removed `/scratch/vkd1995/27897769/hdfs_data/current/BP-880883216-198.202.118.185-1572974518041/current/finalized/subdir0/subdir0/blk_1073741851'
removed `/scratch/vkd1995/27897769/hdfs_data/current/BP-880883216-198.202.118.185-1572974518041/current/finalized/subdir0/subdir0/blk_1073741864_1040.meta'
removed `/scratch/vkd1995/27897769/hdfs_data/current/BP-880883216-198.202.118.185-1572974518041/current/finalized/subdir0/subdir0/blk_1073741838'
removed `/scratch/vkd1995/27897769/hdfs_data/current/BP-880883216-198.202.118.185-1572974518041/current/finalized/subdir0/subdir0/blk_1073741864'
removed directory: `/scratch/vkd1995/27897769/hdfs_data/current/BP-880883216-198.202.118.185-1572974518041/current/finalized/subdir0/subdir0'
removed directory: `/scratch/vkd1995/27897769/hdfs_data/current/BP-880883216-198.202.118.185-1572974518041/current/finalized/subdir0'
removed directory: `/scratch/vkd1995/27897769/hdfs_data/current/BP-880883216-198.202.118.185-1572974518041/current/finalized'
removed directory: `/scratch/vkd1995/27897769/hdfs_data/current/BP-880883216-198.202.118.185-1572974518041/current'
removed directory: `/scratch/vkd1995/27897769/hdfs_data/current/BP-880883216-198.202.118.185-1572974518041'
removed directory: `/scratch/vkd1995/27897769/hdfs_data/current'
removed directory: `/scratch/vkd1995/27897769/hdfs_data'
removed directory: `/scratch/vkd1995/27897769/pids'
removed `/scratch/vkd1995/27897769/logs/SecurityAuth-vkd1995.audit'
removed `/scratch/vkd1995/27897769/logs/hadoop-vkd1995-datanode-comet-11-44.sdsc.edu.out'
removed `/scratch/vkd1995/27897769/logs/yarn-vkd1995-nodemanager-comet-11-44.sdsc.edu.log'
removed `/scratch/vkd1995/27897769/logs/yarn-vkd1995-nodemanager-comet-11-44.sdsc.edu.out'
removed `/scratch/vkd1995/27897769/logs/hadoop-vkd1995-datanode-comet-11-44.sdsc.edu.log'
removed `/scratch/vkd1995/27897769/logs/userlogs/application_1572974535109_0003/container_1572974535109_0003_01_000003/stdout'
removed `/scratch/vkd1995/27897769/logs/userlogs/application_1572974535109_0003/container_1572974535109_0003_01_000003/syslog'
removed `/scratch/vkd1995/27897769/logs/userlogs/application_1572974535109_0003/container_1572974535109_0003_01_000003/stderr'
removed directory: `/scratch/vkd1995/27897769/logs/userlogs/application_1572974535109_0003/container_1572974535109_0003_01_000003'
removed directory: `/scratch/vkd1995/27897769/logs/userlogs/application_1572974535109_0003'
removed `/scratch/vkd1995/27897769/logs/userlogs/application_1572974535109_0001/container_1572974535109_0001_01_000003/stdout'
removed `/scratch/vkd1995/27897769/logs/userlogs/application_1572974535109_0001/container_1572974535109_0001_01_000003/syslog'
removed `/scratch/vkd1995/27897769/logs/userlogs/application_1572974535109_0001/container_1572974535109_0001_01_000003/stderr'
removed directory: `/scratch/vkd1995/27897769/logs/userlogs/application_1572974535109_0001/container_1572974535109_0001_01_000003'
removed directory: `/scratch/vkd1995/27897769/logs/userlogs/application_1572974535109_0001'
removed directory: `/scratch/vkd1995/27897769/logs/userlogs'
removed directory: `/scratch/vkd1995/27897769/logs'
removed directory: `/scratch/vkd1995/27897769/mapred_scratch/filecache'
removed directory: `/scratch/vkd1995/27897769/mapred_scratch/nmPrivate'
removed directory: `/scratch/vkd1995/27897769/mapred_scratch/usercache/vkd1995/appcache'
removed `/scratch/vkd1995/27897769/mapred_scratch/usercache/vkd1995/filecache/16/joda-time-2.9.3.jar'
removed `/scratch/vkd1995/27897769/mapred_scratch/usercache/vkd1995/filecache/16/.tmp_joda-time-2.9.3.jar.crc'
removed directory: `/scratch/vkd1995/27897769/mapred_scratch/usercache/vkd1995/filecache/16'
removed `/scratch/vkd1995/27897769/mapred_scratch/usercache/vkd1995/filecache/11/.tmp_automaton-1.11-8.jar.crc'
removed `/scratch/vkd1995/27897769/mapred_scratch/usercache/vkd1995/filecache/11/automaton-1.11-8.jar'
removed directory: `/scratch/vkd1995/27897769/mapred_scratch/usercache/vkd1995/filecache/11'
removed `/scratch/vkd1995/27897769/mapred_scratch/usercache/vkd1995/filecache/15/.tmp_automaton-1.11-8.jar.crc'
removed `/scratch/vkd1995/27897769/mapred_scratch/usercache/vkd1995/filecache/15/automaton-1.11-8.jar'
removed directory: `/scratch/vkd1995/27897769/mapred_scratch/usercache/vkd1995/filecache/15'
removed `/scratch/vkd1995/27897769/mapred_scratch/usercache/vkd1995/filecache/12/.tmp_joda-time-2.9.3.jar.crc'
removed `/scratch/vkd1995/27897769/mapred_scratch/usercache/vkd1995/filecache/12/joda-time-2.9.3.jar'
removed directory: `/scratch/vkd1995/27897769/mapred_scratch/usercache/vkd1995/filecache/12'
removed `/scratch/vkd1995/27897769/mapred_scratch/usercache/vkd1995/filecache/18/tmp-222527309/._SUCCESS.crc'
removed `/scratch/vkd1995/27897769/mapred_scratch/usercache/vkd1995/filecache/18/tmp-222527309/_SUCCESS'
removed `/scratch/vkd1995/27897769/mapred_scratch/usercache/vkd1995/filecache/18/tmp-222527309/part-r-00000'
removed `/scratch/vkd1995/27897769/mapred_scratch/usercache/vkd1995/filecache/18/tmp-222527309/.part-r-00000.crc'
removed directory: `/scratch/vkd1995/27897769/mapred_scratch/usercache/vkd1995/filecache/18/tmp-222527309'
removed directory: `/scratch/vkd1995/27897769/mapred_scratch/usercache/vkd1995/filecache/18'
removed `/scratch/vkd1995/27897769/mapred_scratch/usercache/vkd1995/filecache/20/automaton-1.11-8.jar'
removed `/scratch/vkd1995/27897769/mapred_scratch/usercache/vkd1995/filecache/20/.tmp_automaton-1.11-8.jar.crc'
removed directory: `/scratch/vkd1995/27897769/mapred_scratch/usercache/vkd1995/filecache/20'
removed `/scratch/vkd1995/27897769/mapred_scratch/usercache/vkd1995/filecache/10/.tmp_pig-0.16.0-core-h2.jar.crc'
removed `/scratch/vkd1995/27897769/mapred_scratch/usercache/vkd1995/filecache/10/pig-0.16.0-core-h2.jar'
removed directory: `/scratch/vkd1995/27897769/mapred_scratch/usercache/vkd1995/filecache/10'
removed `/scratch/vkd1995/27897769/mapred_scratch/usercache/vkd1995/filecache/22/.tmp_antlr-runtime-3.4.jar.crc'
removed `/scratch/vkd1995/27897769/mapred_scratch/usercache/vkd1995/filecache/22/antlr-runtime-3.4.jar'
removed directory: `/scratch/vkd1995/27897769/mapred_scratch/usercache/vkd1995/filecache/22'
removed `/scratch/vkd1995/27897769/mapred_scratch/usercache/vkd1995/filecache/17/antlr-runtime-3.4.jar'
removed `/scratch/vkd1995/27897769/mapred_scratch/usercache/vkd1995/filecache/17/.tmp_antlr-runtime-3.4.jar.crc'
removed directory: `/scratch/vkd1995/27897769/mapred_scratch/usercache/vkd1995/filecache/17'
removed `/scratch/vkd1995/27897769/mapred_scratch/usercache/vkd1995/filecache/19/pig-0.16.0-core-h2.jar'
removed `/scratch/vkd1995/27897769/mapred_scratch/usercache/vkd1995/filecache/19/.tmp_pig-0.16.0-core-h2.jar.crc'
removed directory: `/scratch/vkd1995/27897769/mapred_scratch/usercache/vkd1995/filecache/19'
removed `/scratch/vkd1995/27897769/mapred_scratch/usercache/vkd1995/filecache/13/antlr-runtime-3.4.jar'
removed `/scratch/vkd1995/27897769/mapred_scratch/usercache/vkd1995/filecache/13/.tmp_antlr-runtime-3.4.jar.crc'
removed directory: `/scratch/vkd1995/27897769/mapred_scratch/usercache/vkd1995/filecache/13'
removed `/scratch/vkd1995/27897769/mapred_scratch/usercache/vkd1995/filecache/21/joda-time-2.9.3.jar'
removed `/scratch/vkd1995/27897769/mapred_scratch/usercache/vkd1995/filecache/21/.tmp_joda-time-2.9.3.jar.crc'
removed directory: `/scratch/vkd1995/27897769/mapred_scratch/usercache/vkd1995/filecache/21'
removed `/scratch/vkd1995/27897769/mapred_scratch/usercache/vkd1995/filecache/14/.tmp_pig-0.16.0-core-h2.jar.crc'
removed `/scratch/vkd1995/27897769/mapred_scratch/usercache/vkd1995/filecache/14/pig-0.16.0-core-h2.jar'
removed directory: `/scratch/vkd1995/27897769/mapred_scratch/usercache/vkd1995/filecache/14'
removed directory: `/scratch/vkd1995/27897769/mapred_scratch/usercache/vkd1995/filecache'
removed directory: `/scratch/vkd1995/27897769/mapred_scratch/usercache/vkd1995'
removed directory: `/scratch/vkd1995/27897769/mapred_scratch/usercache'
removed directory: `/scratch/vkd1995/27897769/mapred_scratch'
removed `/scratch/vkd1995/27897769/hdfs_data/current/VERSION'
removed `/scratch/vkd1995/27897769/hdfs_data/current/BP-880883216-198.202.118.185-1572974518041/current/dfsUsed'
removed `/scratch/vkd1995/27897769/hdfs_data/current/BP-880883216-198.202.118.185-1572974518041/current/VERSION'
removed directory: `/scratch/vkd1995/27897769/hdfs_data/current/BP-880883216-198.202.118.185-1572974518041/current/rbw'
removed `/scratch/vkd1995/27897769/hdfs_data/current/BP-880883216-198.202.118.185-1572974518041/current/finalized/subdir0/subdir0/blk_1073741838_1014.meta'
removed `/scratch/vkd1995/27897769/hdfs_data/current/BP-880883216-198.202.118.185-1572974518041/current/finalized/subdir0/subdir0/blk_1073741862'
removed `/scratch/vkd1995/27897769/hdfs_data/current/BP-880883216-198.202.118.185-1572974518041/current/finalized/subdir0/subdir0/blk_1073741862_1038.meta'
removed `/scratch/vkd1995/27897769/hdfs_data/current/BP-880883216-198.202.118.185-1572974518041/current/finalized/subdir0/subdir0/blk_1073741851_1027.meta'
removed `/scratch/vkd1995/27897769/hdfs_data/current/BP-880883216-198.202.118.185-1572974518041/current/finalized/subdir0/subdir0/blk_1073741839'
removed `/scratch/vkd1995/27897769/hdfs_data/current/BP-880883216-198.202.118.185-1572974518041/current/finalized/subdir0/subdir0/blk_1073741839_1015.meta'
removed `/scratch/vkd1995/27897769/hdfs_data/current/BP-880883216-198.202.118.185-1572974518041/current/finalized/subdir0/subdir0/blk_1073741826_1002.meta'
removed `/scratch/vkd1995/27897769/hdfs_data/current/BP-880883216-198.202.118.185-1572974518041/current/finalized/subdir0/subdir0/blk_1073741865'
removed `/scratch/vkd1995/27897769/hdfs_data/current/BP-880883216-198.202.118.185-1572974518041/current/finalized/subdir0/subdir0/blk_1073741864_1040.meta'
removed `/scratch/vkd1995/27897769/hdfs_data/current/BP-880883216-198.202.118.185-1572974518041/current/finalized/subdir0/subdir0/blk_1073741825'
removed `/scratch/vkd1995/27897769/hdfs_data/current/BP-880883216-198.202.118.185-1572974518041/current/finalized/subdir0/subdir0/blk_1073741852'
removed `/scratch/vkd1995/27897769/hdfs_data/current/BP-880883216-198.202.118.185-1572974518041/current/finalized/subdir0/subdir0/blk_1073741865_1041.meta'
removed `/scratch/vkd1995/27897769/hdfs_data/current/BP-880883216-198.202.118.185-1572974518041/current/finalized/subdir0/subdir0/blk_1073741864'
removed `/scratch/vkd1995/27897769/hdfs_data/current/BP-880883216-198.202.118.185-1572974518041/current/finalized/subdir0/subdir0/blk_1073741852_1028.meta'
removed `/scratch/vkd1995/27897769/hdfs_data/current/BP-880883216-198.202.118.185-1572974518041/current/finalized/subdir0/subdir0/blk_1073741838'
removed `/scratch/vkd1995/27897769/hdfs_data/current/BP-880883216-198.202.118.185-1572974518041/current/finalized/subdir0/subdir0/blk_1073741825_1001.meta'
removed `/scratch/vkd1995/27897769/hdfs_data/current/BP-880883216-198.202.118.185-1572974518041/current/finalized/subdir0/subdir0/blk_1073741851'
removed `/scratch/vkd1995/27897769/hdfs_data/current/BP-880883216-198.202.118.185-1572974518041/current/finalized/subdir0/subdir0/blk_1073741826'
removed directory: `/scratch/vkd1995/27897769/hdfs_data/current/BP-880883216-198.202.118.185-1572974518041/current/finalized/subdir0/subdir0'
removed directory: `/scratch/vkd1995/27897769/hdfs_data/current/BP-880883216-198.202.118.185-1572974518041/current/finalized/subdir0'
removed directory: `/scratch/vkd1995/27897769/hdfs_data/current/BP-880883216-198.202.118.185-1572974518041/current/finalized'
removed directory: `/scratch/vkd1995/27897769/hdfs_data/current/BP-880883216-198.202.118.185-1572974518041/current'
removed `/scratch/vkd1995/27897769/hdfs_data/current/BP-880883216-198.202.118.185-1572974518041/dncp_block_verification.log.prev'
removed `/scratch/vkd1995/27897769/hdfs_data/current/BP-880883216-198.202.118.185-1572974518041/dncp_block_verification.log.curr'
removed directory: `/scratch/vkd1995/27897769/hdfs_data/current/BP-880883216-198.202.118.185-1572974518041/tmp'
removed directory: `/scratch/vkd1995/27897769/hdfs_data/current/BP-880883216-198.202.118.185-1572974518041'
removed directory: `/scratch/vkd1995/27897769/hdfs_data/current'
removed directory: `/scratch/vkd1995/27897769/hdfs_data'
removed directory: `/scratch/vkd1995/27897769/pids'
removed `/scratch/vkd1995/27897769/logs/yarn-vkd1995-nodemanager-comet-11-48.sdsc.edu.log'
removed `/scratch/vkd1995/27897769/logs/hadoop-vkd1995-datanode-comet-11-48.sdsc.edu.log'
removed `/scratch/vkd1995/27897769/logs/userlogs/application_1572974535109_0003/container_1572974535109_0003_01_000001/stderr'
removed `/scratch/vkd1995/27897769/logs/userlogs/application_1572974535109_0003/container_1572974535109_0003_01_000001/syslog'
removed `/scratch/vkd1995/27897769/logs/userlogs/application_1572974535109_0003/container_1572974535109_0003_01_000001/stdout'
removed directory: `/scratch/vkd1995/27897769/logs/userlogs/application_1572974535109_0003/container_1572974535109_0003_01_000001'
removed `/scratch/vkd1995/27897769/logs/userlogs/application_1572974535109_0003/container_1572974535109_0003_01_000002/stderr'
removed `/scratch/vkd1995/27897769/logs/userlogs/application_1572974535109_0003/container_1572974535109_0003_01_000002/syslog'
removed `/scratch/vkd1995/27897769/logs/userlogs/application_1572974535109_0003/container_1572974535109_0003_01_000002/stdout'
removed directory: `/scratch/vkd1995/27897769/logs/userlogs/application_1572974535109_0003/container_1572974535109_0003_01_000002'
removed directory: `/scratch/vkd1995/27897769/logs/userlogs/application_1572974535109_0003'
removed `/scratch/vkd1995/27897769/logs/userlogs/application_1572974535109_0001/container_1572974535109_0001_01_000001/syslog'
removed `/scratch/vkd1995/27897769/logs/userlogs/application_1572974535109_0001/container_1572974535109_0001_01_000001/stdout'
removed `/scratch/vkd1995/27897769/logs/userlogs/application_1572974535109_0001/container_1572974535109_0001_01_000001/stderr'
removed directory: `/scratch/vkd1995/27897769/logs/userlogs/application_1572974535109_0001/container_1572974535109_0001_01_000001'
removed directory: `/scratch/vkd1995/27897769/logs/userlogs/application_1572974535109_0001'
removed `/scratch/vkd1995/27897769/logs/userlogs/application_1572974535109_0002/container_1572974535109_0002_01_000003/stderr'
removed `/scratch/vkd1995/27897769/logs/userlogs/application_1572974535109_0002/container_1572974535109_0002_01_000003/syslog'
removed `/scratch/vkd1995/27897769/logs/userlogs/application_1572974535109_0002/container_1572974535109_0002_01_000003/stdout'
removed directory: `/scratch/vkd1995/27897769/logs/userlogs/application_1572974535109_0002/container_1572974535109_0002_01_000003'
removed `/scratch/vkd1995/27897769/logs/userlogs/application_1572974535109_0002/container_1572974535109_0002_01_000002/stderr'
removed `/scratch/vkd1995/27897769/logs/userlogs/application_1572974535109_0002/container_1572974535109_0002_01_000002/syslog'
removed `/scratch/vkd1995/27897769/logs/userlogs/application_1572974535109_0002/container_1572974535109_0002_01_000002/stdout'
removed directory: `/scratch/vkd1995/27897769/logs/userlogs/application_1572974535109_0002/container_1572974535109_0002_01_000002'
removed `/scratch/vkd1995/27897769/logs/userlogs/application_1572974535109_0002/container_1572974535109_0002_01_000001/stdout'
removed `/scratch/vkd1995/27897769/logs/userlogs/application_1572974535109_0002/container_1572974535109_0002_01_000001/syslog'
removed `/scratch/vkd1995/27897769/logs/userlogs/application_1572974535109_0002/container_1572974535109_0002_01_000001/stderr'
removed directory: `/scratch/vkd1995/27897769/logs/userlogs/application_1572974535109_0002/container_1572974535109_0002_01_000001'
removed directory: `/scratch/vkd1995/27897769/logs/userlogs/application_1572974535109_0002'
removed directory: `/scratch/vkd1995/27897769/logs/userlogs'
removed `/scratch/vkd1995/27897769/logs/SecurityAuth-vkd1995.audit'
removed `/scratch/vkd1995/27897769/logs/hadoop-vkd1995-datanode-comet-11-48.sdsc.edu.out'
removed `/scratch/vkd1995/27897769/logs/yarn-vkd1995-nodemanager-comet-11-48.sdsc.edu.out'
removed directory: `/scratch/vkd1995/27897769/logs'
removed directory: `/tmp/Jetty_comet.11.36_ibnet_50090_secondary____2gx146/.active'
removed directory: `/tmp/Jetty_comet.11.36_ibnet_50090_secondary____2gx146/jsp'
removed directory: `/tmp/Jetty_comet.11.36_ibnet_50090_secondary____2gx146'
removed directory: `/tmp/Jetty_0_0_0_0_50070_hdfs____w2cu08/.active'
removed directory: `/tmp/Jetty_0_0_0_0_50070_hdfs____w2cu08/jsp'
removed directory: `/tmp/Jetty_0_0_0_0_50070_hdfs____w2cu08'
removed directory: `/tmp/Jetty_0_0_0_0_50075_datanode____hwtdwq_7497114719708853586/.active'
removed directory: `/tmp/Jetty_0_0_0_0_50075_datanode____hwtdwq_7497114719708853586/jsp'
removed directory: `/tmp/Jetty_0_0_0_0_50075_datanode____hwtdwq_7497114719708853586'
